{"E:\\HTW\\project_software\\windpark\\backend\\server.ts":{"path":"E:\\HTW\\project_software\\windpark\\backend\\server.ts","statementMap":{"0":{"start":{"line":2,"column":22},"end":{"line":4,"column":1}},"1":{"start":{"line":3,"column":4},"end":{"line":3,"column":62}},"2":{"start":{"line":5,"column":0},"end":{"line":5,"column":62}},"3":{"start":{"line":6,"column":0},"end":{"line":6,"column":67}},"4":{"start":{"line":7,"column":18},"end":{"line":7,"column":53}},"5":{"start":{"line":8,"column":29},"end":{"line":8,"column":75}},"6":{"start":{"line":9,"column":16},"end":{"line":9,"column":38}},"7":{"start":{"line":10,"column":19},"end":{"line":10,"column":44}},"8":{"start":{"line":11,"column":19},"end":{"line":11,"column":40}},"9":{"start":{"line":12,"column":19},"end":{"line":12,"column":44}},"10":{"start":{"line":13,"column":21},"end":{"line":13,"column":48}},"11":{"start":{"line":14,"column":25},"end":{"line":14,"column":56}},"12":{"start":{"line":15,"column":20},"end":{"line":15,"column":46}},"13":{"start":{"line":16,"column":25},"end":{"line":16,"column":56}},"14":{"start":{"line":17,"column":30},"end":{"line":17,"column":66}},"15":{"start":{"line":18,"column":33},"end":{"line":18,"column":72}},"16":{"start":{"line":19,"column":36},"end":{"line":19,"column":78}},"17":{"start":{"line":20,"column":22},"end":{"line":20,"column":46}},"18":{"start":{"line":22,"column":0},"end":{"line":22,"column":64}},"19":{"start":{"line":24,"column":0},"end":{"line":24,"column":34}},"20":{"start":{"line":25,"column":20},"end":{"line":25,"column":24}},"21":{"start":{"line":26,"column":28},"end":{"line":26,"column":36}},"22":{"start":{"line":27,"column":0},"end":{"line":30,"column":3}},"23":{"start":{"line":28,"column":4},"end":{"line":28,"column":95}},"24":{"start":{"line":29,"column":4},"end":{"line":29,"column":75}},"25":{"start":{"line":32,"column":0},"end":{"line":32,"column":60}},"26":{"start":{"line":33,"column":0},"end":{"line":33,"column":75}},"27":{"start":{"line":34,"column":0},"end":{"line":34,"column":82}},"28":{"start":{"line":35,"column":0},"end":{"line":35,"column":80}},"29":{"start":{"line":36,"column":0},"end":{"line":36,"column":86}},"30":{"start":{"line":37,"column":0},"end":{"line":37,"column":82}},"31":{"start":{"line":38,"column":0},"end":{"line":38,"column":100}},"32":{"start":{"line":39,"column":0},"end":{"line":39,"column":118}},"33":{"start":{"line":40,"column":0},"end":{"line":40,"column":109}},"34":{"start":{"line":41,"column":0},"end":{"line":41,"column":137}},"35":{"start":{"line":43,"column":0},"end":{"line":43,"column":32}}},"fnMap":{"0":{"name":"(anonymous_0)","decl":{"start":{"line":2,"column":56},"end":{"line":2,"column":57}},"loc":{"start":{"line":2,"column":71},"end":{"line":4,"column":1}},"line":2},"1":{"name":"(anonymous_1)","decl":{"start":{"line":27,"column":49},"end":{"line":27,"column":50}},"loc":{"start":{"line":27,"column":61},"end":{"line":30,"column":1}},"line":27}},"branchMap":{"0":{"loc":{"start":{"line":2,"column":22},"end":{"line":4,"column":1}},"type":"binary-expr","locations":[{"start":{"line":2,"column":23},"end":{"line":2,"column":27}},{"start":{"line":2,"column":31},"end":{"line":2,"column":51}},{"start":{"line":2,"column":56},"end":{"line":4,"column":1}}],"line":2},"1":{"loc":{"start":{"line":3,"column":11},"end":{"line":3,"column":61}},"type":"cond-expr","locations":[{"start":{"line":3,"column":37},"end":{"line":3,"column":40}},{"start":{"line":3,"column":43},"end":{"line":3,"column":61}}],"line":3},"2":{"loc":{"start":{"line":3,"column":12},"end":{"line":3,"column":33}},"type":"binary-expr","locations":[{"start":{"line":3,"column":12},"end":{"line":3,"column":15}},{"start":{"line":3,"column":19},"end":{"line":3,"column":33}}],"line":3}},"s":{"0":1,"1":2,"2":1,"3":1,"4":1,"5":1,"6":1,"7":1,"8":1,"9":1,"10":1,"11":1,"12":1,"13":1,"14":1,"15":1,"16":1,"17":1,"18":1,"19":1,"20":1,"21":1,"22":1,"23":1,"24":1,"25":1,"26":1,"27":1,"28":1,"29":1,"30":1,"31":1,"32":1,"33":1,"34":1,"35":1},"f":{"0":2,"1":1},"b":{"0":[1,1,1],"1":[0,2],"2":[2,2]},"inputSourceMap":{"version":3,"file":"E:\\HTW\\project_software\\windpark\\backend\\server.ts","sources":["E:\\HTW\\project_software\\windpark\\backend\\server.ts"],"names":[],"mappings":";;;;;;AAAA,sDAA8B;AAE9B,4EAA2C;AAC3C,uCAAuC;AACvC,6CAAgD;AAChD,yCAAmD;AACnD,6CAAmD;AACnD,iDAAsD;AACtD,yDAAwD;AACxD,+CAAyD;AACzD,yDAA6D;AAC7D,mEAAiE;AACjE,yEAAuE;AACvE,+EAA6E;AAC7E,+CAAoD;AAEpD,SAAS;AACI,QAAA,kBAAkB,GAAwB,gCAAqB,EAAE,CAAC;AAE/E,SAAS;AACI,QAAA,GAAG,GAAwB,iBAAO,EAAE,CAAC;AAClD,MAAM,WAAW,GAAW,IAAI,CAAC;AACjC,MAAM,mBAAmB,GAAW,QAAQ,CAAC;AAEhC,QAAA,MAAM,GAAG,WAAG,CAAC,MAAM,CAAC,WAAW,EAAE;IAC1C,WAAG,CAAC,GAAG,CAAC,cAAc,EAAE,iBAAO,CAAC,MAAM,CAAC,SAAS,GAAG,mBAAmB,CAAC,CAAC,CAAC;IACzE,OAAO,CAAC,GAAG,CAAC,gCAAgC,WAAW,cAAc,CACpE,CAAA;AACL,CAAC,CAAC,CAAC;AAEH,MAAM;AACN,WAAG,CAAC,GAAG,CAAC,wBAAwB,EAAE,gBAAQ,CAAC,CAAC;AAC5C,WAAG,CAAC,GAAG,CAAC,2BAA2B,EAAE,4BAAiB,CAAC,CAAC;AACxD,WAAG,CAAC,GAAG,CAAC,wBAAwB,EAAE,sCAAqB,CAAC,CAAC;AACzD,WAAG,CAAC,GAAG,CAAC,6BAA6B,EAAE,+BAAkB,CAAC,CAAC;AAC3D,WAAG,CAAC,GAAG,CAAC,iCAAiC,EAAE,iCAAgB,CAAC,CAAC;AAC7D,WAAG,CAAC,GAAG,CAAC,4BAA4B,EAAE,kCAAsB,CAAC,CAAC;AAC9D,WAAG,CAAC,GAAG,CAAC,sCAAsC,EAAE,0CAAoB,CAAC,CAAC;AACtE,WAAG,CAAC,GAAG,CAAC,4CAA4C,EAAE,sDAA0B,CAAC,CAAC;AAClF,WAAG,CAAC,GAAG,CAAC,yCAAyC,EAAE,gDAAuB,CAAC,CAAC;AAC5E,WAAG,CAAC,GAAG,CAAC,2BAA2B,EAAE,4BAAS,CAAC,iCAAmB,CAAC,EAAE,yBAAc,CAAC,CAAC;AAErF,gDAAgD;AAChD,MAAM,CAAC,OAAO,GAAG,cAAM,CAAC","sourcesContent":["import express from \"express\";\r\nimport mongoose from 'mongoose';\r\nimport basicAuth from 'express-basic-auth';\r\nimport { getPower } from \"./api/power\";\r\nimport { shutdownServer } from \"./api/shutdown\";\r\nimport { initMongoDbConnection } from './database';\r\nimport { getTurbinesByDate } from \"./api/turbines\";\r\nimport { getFullPowerByDate } from \"./api/full-power\";\r\nimport { getPowerPerYears } from \"./api/power-per-year\";\r\nimport { getHubsAndRotorsByDate } from \"./api/hub-rotor\";\r\nimport { getCountOfAllTurbines } from \"./api/count-turbines\";\r\nimport { getPowerPerAreaCodes } from \"./api/power-per-area-code\";\r\nimport { getAverageBuiltDuration } from \"./api/average-built-duration\";\r\nimport { getApprovedBuiltDifference } from \"./api/approved-built-difference\";\r\nimport { shutdownCredentials } from \"./credentials\";\r\n\r\n//mongoDB\r\nexport const databaseConnection: mongoose.Connection = initMongoDbConnection();\r\n\r\n//express\r\nexport const app: express.Application = express();\r\nconst expressPort: number = 8035;\r\nconst pathForExpressFiles: string = '/dist/';\r\n\r\nexport const server = app.listen(expressPort, function () {\r\n    app.use('/teamtrivial', express.static(__dirname + pathForExpressFiles));\r\n    console.log(`hosted -->  http://localhost:${expressPort}/teamtrivial`\r\n    )\r\n});\r\n\r\n//APIs\r\napp.get('/teamtrivial/api/power', getPower);\r\napp.get('/teamtrivial/api/turbines', getTurbinesByDate);\r\napp.get('/teamtrivial/api/count', getCountOfAllTurbines);\r\napp.get('/teamtrivial/api/full-power', getFullPowerByDate);\r\napp.get('/teamtrivial/api/power-per-year', getPowerPerYears);\r\napp.get('/teamtrivial/api/hub-rotor', getHubsAndRotorsByDate);\r\napp.get('/teamtrivial/api/power-per-area-code', getPowerPerAreaCodes);\r\napp.get('/teamtrivial/api/approved-built-difference', getApprovedBuiltDifference);\r\napp.get('/teamtrivial/api/average-built-duration', getAverageBuiltDuration);\r\napp.get('/teamtrivial/api/shutdown', basicAuth(shutdownCredentials), shutdownServer);\r\n\r\n//export app (express server) to test enviroment\r\nmodule.exports = server; "]},"_coverageSchema":"1a1c01bbd47fc00a2c39e90264f33305004495a9","hash":"57ddaceefa8844048d6a0f0f234d83dc47557a53","contentHash":"3a94b0ee7fcb2cc239817c1eb189ee0e83ab70fec95a548eda7ff68b82b18ab8"},"E:\\HTW\\project_software\\windpark\\backend\\api\\power.ts":{"path":"E:\\HTW\\project_software\\windpark\\backend\\api\\power.ts","statementMap":{"0":{"start":{"line":2,"column":16},"end":{"line":10,"column":1}},"1":{"start":{"line":3,"column":28},"end":{"line":3,"column":110}},"2":{"start":{"line":3,"column":91},"end":{"line":3,"column":106}},"3":{"start":{"line":4,"column":4},"end":{"line":9,"column":7}},"4":{"start":{"line":5,"column":36},"end":{"line":5,"column":97}},"5":{"start":{"line":5,"column":42},"end":{"line":5,"column":70}},"6":{"start":{"line":5,"column":85},"end":{"line":5,"column":95}},"7":{"start":{"line":6,"column":35},"end":{"line":6,"column":100}},"8":{"start":{"line":6,"column":41},"end":{"line":6,"column":73}},"9":{"start":{"line":6,"column":88},"end":{"line":6,"column":98}},"10":{"start":{"line":7,"column":32},"end":{"line":7,"column":116}},"11":{"start":{"line":8,"column":8},"end":{"line":8,"column":78}},"12":{"start":{"line":11,"column":0},"end":{"line":11,"column":62}},"13":{"start":{"line":12,"column":0},"end":{"line":12,"column":26}},"14":{"start":{"line":13,"column":20},"end":{"line":13,"column":53}},"15":{"start":{"line":21,"column":4},"end":{"line":25,"column":7}},"16":{"start":{"line":22,"column":8},"end":{"line":22,"column":60}},"17":{"start":{"line":23,"column":20},"end":{"line":23,"column":57}},"18":{"start":{"line":24,"column":8},"end":{"line":24,"column":27}},"19":{"start":{"line":27,"column":0},"end":{"line":27,"column":28}}},"fnMap":{"0":{"name":"(anonymous_0)","decl":{"start":{"line":2,"column":44},"end":{"line":2,"column":45}},"loc":{"start":{"line":2,"column":89},"end":{"line":10,"column":1}},"line":2},"1":{"name":"adopt","decl":{"start":{"line":3,"column":13},"end":{"line":3,"column":18}},"loc":{"start":{"line":3,"column":26},"end":{"line":3,"column":112}},"line":3},"2":{"name":"(anonymous_2)","decl":{"start":{"line":3,"column":70},"end":{"line":3,"column":71}},"loc":{"start":{"line":3,"column":89},"end":{"line":3,"column":108}},"line":3},"3":{"name":"(anonymous_3)","decl":{"start":{"line":4,"column":36},"end":{"line":4,"column":37}},"loc":{"start":{"line":4,"column":63},"end":{"line":9,"column":5}},"line":4},"4":{"name":"fulfilled","decl":{"start":{"line":5,"column":17},"end":{"line":5,"column":26}},"loc":{"start":{"line":5,"column":34},"end":{"line":5,"column":99}},"line":5},"5":{"name":"rejected","decl":{"start":{"line":6,"column":17},"end":{"line":6,"column":25}},"loc":{"start":{"line":6,"column":33},"end":{"line":6,"column":102}},"line":6},"6":{"name":"step","decl":{"start":{"line":7,"column":17},"end":{"line":7,"column":21}},"loc":{"start":{"line":7,"column":30},"end":{"line":7,"column":118}},"line":7},"7":{"name":"getPower","decl":{"start":{"line":20,"column":9},"end":{"line":20,"column":17}},"loc":{"start":{"line":20,"column":37},"end":{"line":26,"column":1}},"line":20},"8":{"name":"(anonymous_8)","decl":{"start":{"line":21,"column":43},"end":{"line":21,"column":44}},"loc":{"start":{"line":21,"column":56},"end":{"line":25,"column":5}},"line":21}},"branchMap":{"0":{"loc":{"start":{"line":2,"column":16},"end":{"line":10,"column":1}},"type":"binary-expr","locations":[{"start":{"line":2,"column":17},"end":{"line":2,"column":21}},{"start":{"line":2,"column":25},"end":{"line":2,"column":39}},{"start":{"line":2,"column":44},"end":{"line":10,"column":1}}],"line":2},"1":{"loc":{"start":{"line":3,"column":35},"end":{"line":3,"column":109}},"type":"cond-expr","locations":[{"start":{"line":3,"column":56},"end":{"line":3,"column":61}},{"start":{"line":3,"column":64},"end":{"line":3,"column":109}}],"line":3},"2":{"loc":{"start":{"line":4,"column":16},"end":{"line":4,"column":34}},"type":"binary-expr","locations":[{"start":{"line":4,"column":16},"end":{"line":4,"column":17}},{"start":{"line":4,"column":22},"end":{"line":4,"column":33}}],"line":4},"3":{"loc":{"start":{"line":7,"column":32},"end":{"line":7,"column":115}},"type":"cond-expr","locations":[{"start":{"line":7,"column":46},"end":{"line":7,"column":67}},{"start":{"line":7,"column":70},"end":{"line":7,"column":115}}],"line":7},"4":{"loc":{"start":{"line":8,"column":51},"end":{"line":8,"column":67}},"type":"binary-expr","locations":[{"start":{"line":8,"column":51},"end":{"line":8,"column":61}},{"start":{"line":8,"column":65},"end":{"line":8,"column":67}}],"line":8}},"s":{"0":1,"1":1,"2":0,"3":1,"4":1,"5":1,"6":0,"7":0,"8":0,"9":0,"10":2,"11":1,"12":1,"13":1,"14":1,"15":1,"16":1,"17":1,"18":1,"19":1},"f":{"0":1,"1":1,"2":0,"3":1,"4":1,"5":0,"6":2,"7":1,"8":1},"b":{"0":[1,1,1],"1":[1,0],"2":[1,1],"3":[1,1],"4":[1,1]},"inputSourceMap":{"version":3,"file":"E:\\HTW\\project_software\\windpark\\backend\\api\\power.ts","sources":["E:\\HTW\\project_software\\windpark\\backend\\api\\power.ts"],"names":[],"mappings":";;;;;;;;;;;;AACA,sDAA6C;AAE7C;;;;;GAKG;AACH,SAAsB,QAAQ,CAAC,OAAwB,EAAE,QAA0B;;QAC/E,OAAO,CAAC,GAAG,CAAC,sCAAsC,CAAC,CAAC;QACpD,MAAM,GAAG,GAAG,MAAM,eAAG,CAAC,IAAI,CAAC,EAAE,CAAC,CAAC,IAAI,EAAE,CAAC;QACtC,QAAQ,CAAC,IAAI,CAAC,GAAG,CAAC,CAAC;IACvB,CAAC;CAAA;AAJD,4BAIC","sourcesContent":["import express from \"express\"\r\nimport { WKA } from \"../db-models/wka-model\";\r\n\r\n/**\r\n *  @brief API to return the full collection\r\n *  @returns void\r\n *  @param request  request from frontend\r\n *  @param response to frontend as type Document\r\n */\r\nexport async function getPower(request: express.Request, response: express.Response): Promise<void> {\r\n    console.log('Getting WKA collection from database');\r\n    const wka = await WKA.find({}).exec();\r\n    response.send(wka);\r\n}"]},"_coverageSchema":"1a1c01bbd47fc00a2c39e90264f33305004495a9","hash":"74c6fbe377e50be5622e5a17cf153a5cfac23bfa","contentHash":"09bb89af0e9206b8728454161c510f6571efe52a8e8963247cfeb0ea978f356e"},"E:\\HTW\\project_software\\windpark\\backend\\db-models\\wka-model.ts":{"path":"E:\\HTW\\project_software\\windpark\\backend\\db-models\\wka-model.ts","statementMap":{"0":{"start":{"line":2,"column":22},"end":{"line":8,"column":3}},"1":{"start":{"line":3,"column":4},"end":{"line":3,"column":33}},"2":{"start":{"line":3,"column":26},"end":{"line":3,"column":33}},"3":{"start":{"line":4,"column":4},"end":{"line":4,"column":89}},"4":{"start":{"line":4,"column":71},"end":{"line":4,"column":83}},"5":{"start":{"line":6,"column":4},"end":{"line":6,"column":33}},"6":{"start":{"line":6,"column":26},"end":{"line":6,"column":33}},"7":{"start":{"line":7,"column":4},"end":{"line":7,"column":17}},"8":{"start":{"line":9,"column":25},"end":{"line":13,"column":2}},"9":{"start":{"line":10,"column":4},"end":{"line":10,"column":72}},"10":{"start":{"line":12,"column":4},"end":{"line":12,"column":21}},"11":{"start":{"line":14,"column":19},"end":{"line":20,"column":1}},"12":{"start":{"line":15,"column":4},"end":{"line":15,"column":42}},"13":{"start":{"line":15,"column":31},"end":{"line":15,"column":42}},"14":{"start":{"line":16,"column":17},"end":{"line":16,"column":19}},"15":{"start":{"line":17,"column":4},"end":{"line":17,"column":141}},"16":{"start":{"line":17,"column":21},"end":{"line":17,"column":141}},"17":{"start":{"line":17,"column":40},"end":{"line":17,"column":141}},"18":{"start":{"line":17,"column":109},"end":{"line":17,"column":141}},"19":{"start":{"line":18,"column":4},"end":{"line":18,"column":36}},"20":{"start":{"line":19,"column":4},"end":{"line":19,"column":18}},"21":{"start":{"line":21,"column":0},"end":{"line":21,"column":62}},"22":{"start":{"line":22,"column":0},"end":{"line":22,"column":21}},"23":{"start":{"line":23,"column":17},"end":{"line":23,"column":50}},"24":{"start":{"line":29,"column":18},"end":{"line":55,"column":25}},"25":{"start":{"line":57,"column":0},"end":{"line":57,"column":47}}},"fnMap":{"0":{"name":"(anonymous_0)","decl":{"start":{"line":2,"column":74},"end":{"line":2,"column":75}},"loc":{"start":{"line":2,"column":96},"end":{"line":5,"column":1}},"line":2},"1":{"name":"(anonymous_1)","decl":{"start":{"line":4,"column":58},"end":{"line":4,"column":59}},"loc":{"start":{"line":4,"column":69},"end":{"line":4,"column":85}},"line":4},"2":{"name":"(anonymous_2)","decl":{"start":{"line":5,"column":6},"end":{"line":5,"column":7}},"loc":{"start":{"line":5,"column":28},"end":{"line":8,"column":1}},"line":5},"3":{"name":"(anonymous_3)","decl":{"start":{"line":9,"column":80},"end":{"line":9,"column":81}},"loc":{"start":{"line":9,"column":95},"end":{"line":11,"column":1}},"line":9},"4":{"name":"(anonymous_4)","decl":{"start":{"line":11,"column":5},"end":{"line":11,"column":6}},"loc":{"start":{"line":11,"column":20},"end":{"line":13,"column":1}},"line":11},"5":{"name":"(anonymous_5)","decl":{"start":{"line":14,"column":50},"end":{"line":14,"column":51}},"loc":{"start":{"line":14,"column":65},"end":{"line":20,"column":1}},"line":14}},"branchMap":{"0":{"loc":{"start":{"line":2,"column":22},"end":{"line":8,"column":3}},"type":"binary-expr","locations":[{"start":{"line":2,"column":23},"end":{"line":2,"column":27}},{"start":{"line":2,"column":31},"end":{"line":2,"column":51}},{"start":{"line":2,"column":57},"end":{"line":8,"column":2}}],"line":2},"1":{"loc":{"start":{"line":2,"column":57},"end":{"line":8,"column":2}},"type":"cond-expr","locations":[{"start":{"line":2,"column":74},"end":{"line":5,"column":1}},{"start":{"line":5,"column":6},"end":{"line":8,"column":1}}],"line":2},"2":{"loc":{"start":{"line":3,"column":4},"end":{"line":3,"column":33}},"type":"if","locations":[{"start":{"line":3,"column":4},"end":{"line":3,"column":33}},{"start":{"line":3,"column":4},"end":{"line":3,"column":33}}],"line":3},"3":{"loc":{"start":{"line":6,"column":4},"end":{"line":6,"column":33}},"type":"if","locations":[{"start":{"line":6,"column":4},"end":{"line":6,"column":33}},{"start":{"line":6,"column":4},"end":{"line":6,"column":33}}],"line":6},"4":{"loc":{"start":{"line":9,"column":25},"end":{"line":13,"column":2}},"type":"binary-expr","locations":[{"start":{"line":9,"column":26},"end":{"line":9,"column":30}},{"start":{"line":9,"column":34},"end":{"line":9,"column":57}},{"start":{"line":9,"column":63},"end":{"line":13,"column":1}}],"line":9},"5":{"loc":{"start":{"line":9,"column":63},"end":{"line":13,"column":1}},"type":"cond-expr","locations":[{"start":{"line":9,"column":80},"end":{"line":11,"column":1}},{"start":{"line":11,"column":5},"end":{"line":13,"column":1}}],"line":9},"6":{"loc":{"start":{"line":14,"column":19},"end":{"line":20,"column":1}},"type":"binary-expr","locations":[{"start":{"line":14,"column":20},"end":{"line":14,"column":24}},{"start":{"line":14,"column":28},"end":{"line":14,"column":45}},{"start":{"line":14,"column":50},"end":{"line":20,"column":1}}],"line":14},"7":{"loc":{"start":{"line":15,"column":4},"end":{"line":15,"column":42}},"type":"if","locations":[{"start":{"line":15,"column":4},"end":{"line":15,"column":42}},{"start":{"line":15,"column":4},"end":{"line":15,"column":42}}],"line":15},"8":{"loc":{"start":{"line":15,"column":8},"end":{"line":15,"column":29}},"type":"binary-expr","locations":[{"start":{"line":15,"column":8},"end":{"line":15,"column":11}},{"start":{"line":15,"column":15},"end":{"line":15,"column":29}}],"line":15},"9":{"loc":{"start":{"line":17,"column":4},"end":{"line":17,"column":141}},"type":"if","locations":[{"start":{"line":17,"column":4},"end":{"line":17,"column":141}},{"start":{"line":17,"column":4},"end":{"line":17,"column":141}}],"line":17},"10":{"loc":{"start":{"line":17,"column":40},"end":{"line":17,"column":141}},"type":"if","locations":[{"start":{"line":17,"column":40},"end":{"line":17,"column":141}},{"start":{"line":17,"column":40},"end":{"line":17,"column":141}}],"line":17},"11":{"loc":{"start":{"line":17,"column":44},"end":{"line":17,"column":107}},"type":"binary-expr","locations":[{"start":{"line":17,"column":44},"end":{"line":17,"column":59}},{"start":{"line":17,"column":63},"end":{"line":17,"column":107}}],"line":17}},"s":{"0":1,"1":8,"2":8,"3":8,"4":2,"5":0,"6":0,"7":0,"8":1,"9":1,"10":0,"11":1,"12":1,"13":0,"14":1,"15":1,"16":1,"17":50,"18":8,"19":1,"20":1,"21":1,"22":1,"23":1,"24":1,"25":1},"f":{"0":8,"1":2,"2":0,"3":1,"4":0,"5":1},"b":{"0":[1,1,1],"1":[1,0],"2":[8,0],"3":[0,0],"4":[1,1,1],"5":[1,0],"6":[1,1,1],"7":[0,1],"8":[1,1],"9":[1,0],"10":[8,42],"11":[50,50]},"inputSourceMap":{"version":3,"file":"E:\\HTW\\project_software\\windpark\\backend\\db-models\\wka-model.ts","sources":["E:\\HTW\\project_software\\windpark\\backend\\db-models\\wka-model.ts"],"names":[],"mappings":";;;;;;;;;;;;;;;;;;;;;;AACA,mDAAqC;AAErC;;;;GAIG;AACH,MAAM,SAAS,GAAG,IAAI,QAAQ,CAAC,MAAM,CAAC;IAElC,iBAAiB,EAAG,MAAM;IAC1B,aAAa,EAAE,MAAM;IACrB,gBAAgB,EAAG,MAAM;IACzB,WAAW,EAAG,MAAM;IACpB,gBAAgB,EAAG,MAAM;IACzB,YAAY,EAAG,MAAM;IACrB,cAAc,EAAG,MAAM;IACvB,aAAa,EAAG,MAAM;IACtB,eAAe,EAAE,MAAM;IACvB,gBAAgB,EAAG,MAAM;IACzB,UAAU,EAAG,MAAM;IACnB,WAAW,EAAG,MAAM;IACpB,YAAY,EAAG,MAAM;IACrB,eAAe,EAAE,MAAM;IACvB,SAAS,EAAG,MAAM;IAClB,cAAc,EAAG,MAAM;IACvB,cAAc,EAAG,MAAM;IACvB,iBAAiB,EAAG,MAAM;IAC1B,aAAa,EAAG,MAAM;IACtB,mBAAmB,EAAE,MAAM;IAC3B,mBAAmB,EAAE,MAAM;IAC3B,eAAe,EAAG,MAAM;IACxB,iBAAiB,EAAG,MAAM;IAC1B,kBAAkB,EAAG,MAAM;IAC3B,aAAa,EAAG,MAAM;CACrB,EACD,EAAE,UAAU,EAAG,KAAK,EAAE,CACvB,CAAC;AAEJ,cAAc;AACD,QAAA,GAAG,GAAG,QAAQ,CAAC,KAAK,CAAC,KAAK,EAAE,SAAS,CAAC,CAAC","sourcesContent":["\r\nimport * as mongoose from 'mongoose';\r\n\r\n/**\r\n *  @brief Schema of the collection WKA\r\n *  every property from WKA is a \"String\"\r\n *  to work with the inconsistent data types from the db\r\n */\r\nconst wkaSchema = new mongoose.Schema({\r\n    \r\n    \"Betreiber,C,120\" : String, \r\n    \"Bst_Nr,C,11\" :String, \r\n    \"Bst_Name,C,120\" : String, \r\n    \"Ort,C,254\" : String, \r\n    \"Ortsteil,C,254\" : String, \r\n    \"Anl_Nr,C,9\" : String, \r\n    \"Anl_Bez,C,60\" : String, \r\n    \"Genehmigt,D\" : String,\r\n    \"Ostwert,N,8,0\" :String, \r\n    \"Nordwert,N,7,0\" : String, \r\n    \"Latitude\" : String, \r\n    \"Longitude\" : String, \r\n    \"Kreis,C,40\" : String, \r\n    \"Geme_Kenn,C,8\" :String, \r\n    \"PLZ,C,5\" : String, \r\n    \"Inbetriebn,D\" : String, \r\n    \"Alt_an_anz,D\" : String, \r\n    \"Leistung,N,13,3\" : String, \r\n    \"Status,C,20\" : String, \r\n    \"Nabenhoehe,N,11,2\" :String, \r\n    \"Rotordurch,N,11,2\" :String, \r\n    \"LW_TAG,N,11,2\" : String, \r\n    \"LW_Nacht,N,11,2\" : String, \r\n    \"Stand_Abw,N,11,2\" : String, \r\n    \"Wka_ID,C,15\" : String,\r\n    },\r\n    { collection : 'wka' }\r\n  );\r\n\r\n//export model\r\nexport const WKA = mongoose.model('Wka', wkaSchema);\r\n"]},"_coverageSchema":"1a1c01bbd47fc00a2c39e90264f33305004495a9","hash":"310f27f76c478b679dfb27bf23f91e45c0ed97f4","contentHash":"dfbb0854edaac4f634eb2e24601e27e69e7c666d5d4c145e5b4e9264ba9d8253"},"E:\\HTW\\project_software\\windpark\\backend\\api\\shutdown.ts":{"path":"E:\\HTW\\project_software\\windpark\\backend\\api\\shutdown.ts","statementMap":{"0":{"start":{"line":2,"column":16},"end":{"line":10,"column":1}},"1":{"start":{"line":3,"column":28},"end":{"line":3,"column":110}},"2":{"start":{"line":3,"column":91},"end":{"line":3,"column":106}},"3":{"start":{"line":4,"column":4},"end":{"line":9,"column":7}},"4":{"start":{"line":5,"column":36},"end":{"line":5,"column":97}},"5":{"start":{"line":5,"column":42},"end":{"line":5,"column":70}},"6":{"start":{"line":5,"column":85},"end":{"line":5,"column":95}},"7":{"start":{"line":6,"column":35},"end":{"line":6,"column":100}},"8":{"start":{"line":6,"column":41},"end":{"line":6,"column":73}},"9":{"start":{"line":6,"column":88},"end":{"line":6,"column":98}},"10":{"start":{"line":7,"column":32},"end":{"line":7,"column":116}},"11":{"start":{"line":8,"column":8},"end":{"line":8,"column":78}},"12":{"start":{"line":11,"column":0},"end":{"line":11,"column":62}},"13":{"start":{"line":12,"column":0},"end":{"line":12,"column":32}},"14":{"start":{"line":13,"column":17},"end":{"line":13,"column":37}},"15":{"start":{"line":21,"column":4},"end":{"line":28,"column":7}},"16":{"start":{"line":22,"column":8},"end":{"line":22,"column":57}},"17":{"start":{"line":23,"column":8},"end":{"line":23,"column":59}},"18":{"start":{"line":24,"column":8},"end":{"line":24,"column":49}},"19":{"start":{"line":25,"column":8},"end":{"line":25,"column":46}},"20":{"start":{"line":26,"column":8},"end":{"line":26,"column":32}},"21":{"start":{"line":27,"column":8},"end":{"line":27,"column":44}},"22":{"start":{"line":30,"column":0},"end":{"line":30,"column":40}}},"fnMap":{"0":{"name":"(anonymous_0)","decl":{"start":{"line":2,"column":44},"end":{"line":2,"column":45}},"loc":{"start":{"line":2,"column":89},"end":{"line":10,"column":1}},"line":2},"1":{"name":"adopt","decl":{"start":{"line":3,"column":13},"end":{"line":3,"column":18}},"loc":{"start":{"line":3,"column":26},"end":{"line":3,"column":112}},"line":3},"2":{"name":"(anonymous_2)","decl":{"start":{"line":3,"column":70},"end":{"line":3,"column":71}},"loc":{"start":{"line":3,"column":89},"end":{"line":3,"column":108}},"line":3},"3":{"name":"(anonymous_3)","decl":{"start":{"line":4,"column":36},"end":{"line":4,"column":37}},"loc":{"start":{"line":4,"column":63},"end":{"line":9,"column":5}},"line":4},"4":{"name":"fulfilled","decl":{"start":{"line":5,"column":17},"end":{"line":5,"column":26}},"loc":{"start":{"line":5,"column":34},"end":{"line":5,"column":99}},"line":5},"5":{"name":"rejected","decl":{"start":{"line":6,"column":17},"end":{"line":6,"column":25}},"loc":{"start":{"line":6,"column":33},"end":{"line":6,"column":102}},"line":6},"6":{"name":"step","decl":{"start":{"line":7,"column":17},"end":{"line":7,"column":21}},"loc":{"start":{"line":7,"column":30},"end":{"line":7,"column":118}},"line":7},"7":{"name":"shutdownServer","decl":{"start":{"line":20,"column":9},"end":{"line":20,"column":23}},"loc":{"start":{"line":20,"column":43},"end":{"line":29,"column":1}},"line":20},"8":{"name":"(anonymous_8)","decl":{"start":{"line":21,"column":43},"end":{"line":21,"column":44}},"loc":{"start":{"line":21,"column":56},"end":{"line":28,"column":5}},"line":21}},"branchMap":{"0":{"loc":{"start":{"line":2,"column":16},"end":{"line":10,"column":1}},"type":"binary-expr","locations":[{"start":{"line":2,"column":17},"end":{"line":2,"column":21}},{"start":{"line":2,"column":25},"end":{"line":2,"column":39}},{"start":{"line":2,"column":44},"end":{"line":10,"column":1}}],"line":2},"1":{"loc":{"start":{"line":3,"column":35},"end":{"line":3,"column":109}},"type":"cond-expr","locations":[{"start":{"line":3,"column":56},"end":{"line":3,"column":61}},{"start":{"line":3,"column":64},"end":{"line":3,"column":109}}],"line":3},"2":{"loc":{"start":{"line":4,"column":16},"end":{"line":4,"column":34}},"type":"binary-expr","locations":[{"start":{"line":4,"column":16},"end":{"line":4,"column":17}},{"start":{"line":4,"column":22},"end":{"line":4,"column":33}}],"line":4},"3":{"loc":{"start":{"line":7,"column":32},"end":{"line":7,"column":115}},"type":"cond-expr","locations":[{"start":{"line":7,"column":46},"end":{"line":7,"column":67}},{"start":{"line":7,"column":70},"end":{"line":7,"column":115}}],"line":7},"4":{"loc":{"start":{"line":8,"column":51},"end":{"line":8,"column":67}},"type":"binary-expr","locations":[{"start":{"line":8,"column":51},"end":{"line":8,"column":61}},{"start":{"line":8,"column":65},"end":{"line":8,"column":67}}],"line":8}},"s":{"0":1,"1":0,"2":0,"3":1,"4":0,"5":0,"6":0,"7":0,"8":0,"9":0,"10":1,"11":1,"12":1,"13":1,"14":1,"15":1,"16":1,"17":1,"18":1,"19":1,"20":1,"21":1,"22":1},"f":{"0":1,"1":0,"2":0,"3":1,"4":0,"5":0,"6":1,"7":1,"8":1},"b":{"0":[1,1,1],"1":[0,0],"2":[1,1],"3":[1,0],"4":[1,1]},"inputSourceMap":{"version":3,"file":"E:\\HTW\\project_software\\windpark\\backend\\api\\shutdown.ts","sources":["E:\\HTW\\project_software\\windpark\\backend\\api\\shutdown.ts"],"names":[],"mappings":";;;;;;;;;;;;AACA,sCAAuD;AAEvD;;;;;EAKE;AACF,SAAsB,cAAc,CAAC,OAAwB,EAAE,QAA0B;;QACrF,OAAO,CAAC,IAAI,CAAC,kCAAkC,CAAC,CAAC;QACjD,QAAQ,CAAC,IAAI,CAAC,mCAAmC,CAAC,CAAC;QACnD,2BAAkB,CAAC,KAAK,CAAC,KAAK,CAAC,CAAC;QAChC,OAAO,CAAC,IAAI,CAAC,uBAAuB,CAAC,CAAC;QACtC,eAAM,CAAC,KAAK,EAAE,CAAC;QACf,OAAO,CAAC,IAAI,CAAC,qBAAqB,CAAC,CAAC;IACxC,CAAC;CAAA;AAPD,wCAOC","sourcesContent":["import express from \"express\"\r\nimport { databaseConnection, server } from \"../server\";\r\nimport basicAuth from 'express-basic-auth';\r\n/**\r\n*  @brief API to shutdown the server with authentication\r\n*  @returns void\r\n*  @param request  \r\n*  @param response \r\n*/\r\nexport async function shutdownServer(request: express.Request, response: express.Response): Promise<void> {\r\n    console.info('Server recieved shutdown command');\r\n    response.send('Server has been shut down by user');\r\n    databaseConnection.close(false);\r\n    console.info('Database disconnected');\r\n    server.close();\r\n    console.info('Server disconnected');\r\n}\r\n"]},"_coverageSchema":"1a1c01bbd47fc00a2c39e90264f33305004495a9","hash":"2c8c5aa24a470160c310c6a1652a0301e0846760","contentHash":"bb985499016171241d6639abdaaaac8960c377974bab8f92f26cae3fc98b0a3d"},"E:\\HTW\\project_software\\windpark\\backend\\database.ts":{"path":"E:\\HTW\\project_software\\windpark\\backend\\database.ts","statementMap":{"0":{"start":{"line":2,"column":22},"end":{"line":4,"column":1}},"1":{"start":{"line":3,"column":4},"end":{"line":3,"column":62}},"2":{"start":{"line":5,"column":0},"end":{"line":5,"column":62}},"3":{"start":{"line":6,"column":0},"end":{"line":6,"column":39}},"4":{"start":{"line":7,"column":19},"end":{"line":7,"column":55}},"5":{"start":{"line":8,"column":22},"end":{"line":8,"column":46}},"6":{"start":{"line":14,"column":4},"end":{"line":14,"column":90}},"7":{"start":{"line":15,"column":31},"end":{"line":15,"column":60}},"8":{"start":{"line":16,"column":4},"end":{"line":16,"column":85}},"9":{"start":{"line":17,"column":4},"end":{"line":19,"column":7}},"10":{"start":{"line":18,"column":8},"end":{"line":18,"column":45}},"11":{"start":{"line":20,"column":4},"end":{"line":20,"column":30}},"12":{"start":{"line":22,"column":0},"end":{"line":22,"column":54}}},"fnMap":{"0":{"name":"(anonymous_0)","decl":{"start":{"line":2,"column":56},"end":{"line":2,"column":57}},"loc":{"start":{"line":2,"column":71},"end":{"line":4,"column":1}},"line":2},"1":{"name":"initMongoDbConnection","decl":{"start":{"line":13,"column":9},"end":{"line":13,"column":30}},"loc":{"start":{"line":13,"column":33},"end":{"line":21,"column":1}},"line":13},"2":{"name":"(anonymous_2)","decl":{"start":{"line":17,"column":36},"end":{"line":17,"column":37}},"loc":{"start":{"line":17,"column":48},"end":{"line":19,"column":5}},"line":17}},"branchMap":{"0":{"loc":{"start":{"line":2,"column":22},"end":{"line":4,"column":1}},"type":"binary-expr","locations":[{"start":{"line":2,"column":23},"end":{"line":2,"column":27}},{"start":{"line":2,"column":31},"end":{"line":2,"column":51}},{"start":{"line":2,"column":56},"end":{"line":4,"column":1}}],"line":2},"1":{"loc":{"start":{"line":3,"column":11},"end":{"line":3,"column":61}},"type":"cond-expr","locations":[{"start":{"line":3,"column":37},"end":{"line":3,"column":40}},{"start":{"line":3,"column":43},"end":{"line":3,"column":61}}],"line":3},"2":{"loc":{"start":{"line":3,"column":12},"end":{"line":3,"column":33}},"type":"binary-expr","locations":[{"start":{"line":3,"column":12},"end":{"line":3,"column":15}},{"start":{"line":3,"column":19},"end":{"line":3,"column":33}}],"line":3}},"s":{"0":1,"1":1,"2":1,"3":1,"4":1,"5":1,"6":1,"7":1,"8":1,"9":1,"10":1,"11":1,"12":1},"f":{"0":1,"1":1,"2":1},"b":{"0":[1,1,1],"1":[0,1],"2":[1,1]},"inputSourceMap":{"version":3,"file":"E:\\HTW\\project_software\\windpark\\backend\\database.ts","sources":["E:\\HTW\\project_software\\windpark\\backend\\database.ts"],"names":[],"mappings":";;;;;;AAAA,wDAAgC;AAChC,+CAA6D;AAE7D;;;GAGG;AACH,SAAgB,qBAAqB;IACjC,kBAAQ,CAAC,OAAO,CAAC,kCAAoB,EAAE,qBAAO,CAAC,CAAC;IAChD,MAAM,kBAAkB,GAAG,kBAAQ,CAAC,UAAU,CAAC;IAC/C,kBAAkB,CAAC,EAAE,CAAC,OAAO,EAAE,OAAO,CAAC,KAAK,CAAC,IAAI,CAAC,OAAO,EAAE,mBAAmB,CAAC,CAAC,CAAC;IACjF,kBAAkB,CAAC,IAAI,CAAC,MAAM,EAAE;QAC5B,OAAO,CAAC,GAAG,CAAC,uBAAuB,CAAC,CAAC;IACzC,CAAC,CAAC,CAAC;IACH,OAAO,kBAAkB,CAAC;AAC9B,CAAC;AARD,sDAQC","sourcesContent":["import mongoose from 'mongoose';\r\nimport { fullConnectionString, options } from './credentials'\r\n\r\n/**\r\n *  @brief function to establish the data base connection\r\n *  @returns void\r\n */\r\nexport function initMongoDbConnection(): mongoose.Connection {\r\n    mongoose.connect(fullConnectionString, options);\r\n    const databaseConnection = mongoose.connection;\r\n    databaseConnection.on('error', console.error.bind(console, 'Connection error:'));\r\n    databaseConnection.once('open', function () {\r\n        console.log(\"Connected to database\");\r\n    });\r\n    return databaseConnection;\r\n}\r\n"]},"_coverageSchema":"1a1c01bbd47fc00a2c39e90264f33305004495a9","hash":"f6aabd6dc7062e7e1991b9ba2a5cd8c71fdbd208","contentHash":"8cb2c9ec480a743e859b4c99bfd6562ec387dd70eead69c5f5874bbaf299d656"},"E:\\HTW\\project_software\\windpark\\backend\\credentials.ts":{"path":"E:\\HTW\\project_software\\windpark\\backend\\credentials.ts","statementMap":{"0":{"start":{"line":2,"column":0},"end":{"line":2,"column":62}},"1":{"start":{"line":3,"column":0},"end":{"line":3,"column":86}},"2":{"start":{"line":5,"column":0},"end":{"line":5,"column":27}},"3":{"start":{"line":6,"column":17},"end":{"line":6,"column":26}},"4":{"start":{"line":7,"column":17},"end":{"line":7,"column":35}},"5":{"start":{"line":8,"column":17},"end":{"line":8,"column":35}},"6":{"start":{"line":9,"column":12},"end":{"line":9,"column":34}},"7":{"start":{"line":11,"column":21},"end":{"line":11,"column":28}},"8":{"start":{"line":12,"column":17},"end":{"line":12,"column":22}},"9":{"start":{"line":13,"column":25},"end":{"line":13,"column":41}},"10":{"start":{"line":14,"column":0},"end":{"line":14,"column":126}},"11":{"start":{"line":15,"column":0},"end":{"line":15,"column":70}},"12":{"start":{"line":16,"column":0},"end":{"line":16,"column":76}}},"fnMap":{},"branchMap":{},"s":{"0":1,"1":1,"2":1,"3":1,"4":1,"5":1,"6":1,"7":1,"8":1,"9":1,"10":1,"11":1,"12":1},"f":{},"b":{},"inputSourceMap":{"version":3,"file":"E:\\HTW\\project_software\\windpark\\backend\\credentials.ts","sources":["E:\\HTW\\project_software\\windpark\\backend\\credentials.ts"],"names":[],"mappings":";;;AAAA,yBAAyB;AACzB,OAAO,CAAC,QAAQ,CAAC,CAAC,MAAM,EAAE,CAAC;AAC3B,MAAM,QAAQ,GAAW,SAAS,CAAC;AACnC,MAAM,QAAQ,GAAQ,OAAO,CAAC,GAAG,CAAC,MAAM,CAAC;AACzC,MAAM,QAAQ,GAAQ,OAAO,CAAC,GAAG,CAAC,MAAM,CAAC;AACzC,MAAM,GAAG,GAAW,sBAAsB,CAAC;AAC3C,kCAAkC;AAClC,MAAM,YAAY,GAAW,OAAO,CAAC;AACrC,MAAM,QAAQ,GAAW,KAAK,CAAC;AAC/B,MAAM,gBAAgB,GAAG,gBAAgB,CAAC;AAC7B,QAAA,oBAAoB,GAC7B,GAAG,QAAQ,MAAM,QAAQ,IAAI,QAAQ,IAAI,GAAG,IAAI,YAAY,IAAI,QAAQ,IAAI,gBAAgB,EAAE,CAAC;AACtF,QAAA,OAAO,GAAG,EAAE,eAAe,EAAE,IAAI,EAAE,kBAAkB,EAAE,IAAI,EAAE,CAAC;AAE9D,QAAA,mBAAmB,GAAG,EAAE,KAAK,EAAE,EAAE,KAAK,EAAE,MAAM,EAAE,EAAE,SAAS,EAAE,IAAI,EAAE,CAAC","sourcesContent":["//mongoose DB credentials\r\nrequire('dotenv').config();\r\nconst protocol: string = 'mongodb';\r\nconst username: any = process.env.USR_DB;\r\nconst password: any = process.env.PSW_DB;\r\nconst url: string = 'www.robert-magnus.de';\r\n//const url: string = 'localhost';\r\nconst portMongoose: string = '27017';\r\nconst database: string = 'wka';\r\nconst authentification = 'authSource=wka';\r\nexport const fullConnectionString: string =\r\n    `${protocol}://${username}:${password}@${url}:${portMongoose}/${database}?${authentification}`;\r\nexport const options = { useNewUrlParser: true, useUnifiedTopology: true };\r\n\r\nexport const shutdownCredentials = { users: { 'typ': 'eins' }, challenge: true };\r\n\r\n"]},"_coverageSchema":"1a1c01bbd47fc00a2c39e90264f33305004495a9","hash":"563b250f4972c4a77ad524e56ab982a2d9cdf7fd","contentHash":"a1e8074b0fddf3b9322d599467427a6b631bf4f5f1023728203412b47517148d"},"E:\\HTW\\project_software\\windpark\\backend\\api\\turbines.ts":{"path":"E:\\HTW\\project_software\\windpark\\backend\\api\\turbines.ts","statementMap":{"0":{"start":{"line":2,"column":16},"end":{"line":10,"column":1}},"1":{"start":{"line":3,"column":28},"end":{"line":3,"column":110}},"2":{"start":{"line":3,"column":91},"end":{"line":3,"column":106}},"3":{"start":{"line":4,"column":4},"end":{"line":9,"column":7}},"4":{"start":{"line":5,"column":36},"end":{"line":5,"column":97}},"5":{"start":{"line":5,"column":42},"end":{"line":5,"column":70}},"6":{"start":{"line":5,"column":85},"end":{"line":5,"column":95}},"7":{"start":{"line":6,"column":35},"end":{"line":6,"column":100}},"8":{"start":{"line":6,"column":41},"end":{"line":6,"column":73}},"9":{"start":{"line":6,"column":88},"end":{"line":6,"column":98}},"10":{"start":{"line":7,"column":32},"end":{"line":7,"column":116}},"11":{"start":{"line":8,"column":8},"end":{"line":8,"column":78}},"12":{"start":{"line":11,"column":0},"end":{"line":11,"column":62}},"13":{"start":{"line":12,"column":0},"end":{"line":12,"column":35}},"14":{"start":{"line":13,"column":17},"end":{"line":13,"column":37}},"15":{"start":{"line":21,"column":4},"end":{"line":27,"column":7}},"16":{"start":{"line":22,"column":21},"end":{"line":22,"column":49}},"17":{"start":{"line":23,"column":22},"end":{"line":23,"column":51}},"18":{"start":{"line":24,"column":31},"end":{"line":24,"column":59}},"19":{"start":{"line":25,"column":31},"end":{"line":25,"column":87}},"20":{"start":{"line":26,"column":8},"end":{"line":26,"column":38}},"21":{"start":{"line":29,"column":0},"end":{"line":29,"column":46}}},"fnMap":{"0":{"name":"(anonymous_0)","decl":{"start":{"line":2,"column":44},"end":{"line":2,"column":45}},"loc":{"start":{"line":2,"column":89},"end":{"line":10,"column":1}},"line":2},"1":{"name":"adopt","decl":{"start":{"line":3,"column":13},"end":{"line":3,"column":18}},"loc":{"start":{"line":3,"column":26},"end":{"line":3,"column":112}},"line":3},"2":{"name":"(anonymous_2)","decl":{"start":{"line":3,"column":70},"end":{"line":3,"column":71}},"loc":{"start":{"line":3,"column":89},"end":{"line":3,"column":108}},"line":3},"3":{"name":"(anonymous_3)","decl":{"start":{"line":4,"column":36},"end":{"line":4,"column":37}},"loc":{"start":{"line":4,"column":63},"end":{"line":9,"column":5}},"line":4},"4":{"name":"fulfilled","decl":{"start":{"line":5,"column":17},"end":{"line":5,"column":26}},"loc":{"start":{"line":5,"column":34},"end":{"line":5,"column":99}},"line":5},"5":{"name":"rejected","decl":{"start":{"line":6,"column":17},"end":{"line":6,"column":25}},"loc":{"start":{"line":6,"column":33},"end":{"line":6,"column":102}},"line":6},"6":{"name":"step","decl":{"start":{"line":7,"column":17},"end":{"line":7,"column":21}},"loc":{"start":{"line":7,"column":30},"end":{"line":7,"column":118}},"line":7},"7":{"name":"getTurbinesByDate","decl":{"start":{"line":20,"column":9},"end":{"line":20,"column":26}},"loc":{"start":{"line":20,"column":46},"end":{"line":28,"column":1}},"line":20},"8":{"name":"(anonymous_8)","decl":{"start":{"line":21,"column":43},"end":{"line":21,"column":44}},"loc":{"start":{"line":21,"column":56},"end":{"line":27,"column":5}},"line":21}},"branchMap":{"0":{"loc":{"start":{"line":2,"column":16},"end":{"line":10,"column":1}},"type":"binary-expr","locations":[{"start":{"line":2,"column":17},"end":{"line":2,"column":21}},{"start":{"line":2,"column":25},"end":{"line":2,"column":39}},{"start":{"line":2,"column":44},"end":{"line":10,"column":1}}],"line":2},"1":{"loc":{"start":{"line":3,"column":35},"end":{"line":3,"column":109}},"type":"cond-expr","locations":[{"start":{"line":3,"column":56},"end":{"line":3,"column":61}},{"start":{"line":3,"column":64},"end":{"line":3,"column":109}}],"line":3},"2":{"loc":{"start":{"line":4,"column":16},"end":{"line":4,"column":34}},"type":"binary-expr","locations":[{"start":{"line":4,"column":16},"end":{"line":4,"column":17}},{"start":{"line":4,"column":22},"end":{"line":4,"column":33}}],"line":4},"3":{"loc":{"start":{"line":7,"column":32},"end":{"line":7,"column":115}},"type":"cond-expr","locations":[{"start":{"line":7,"column":46},"end":{"line":7,"column":67}},{"start":{"line":7,"column":70},"end":{"line":7,"column":115}}],"line":7},"4":{"loc":{"start":{"line":8,"column":51},"end":{"line":8,"column":67}},"type":"binary-expr","locations":[{"start":{"line":8,"column":51},"end":{"line":8,"column":61}},{"start":{"line":8,"column":65},"end":{"line":8,"column":67}}],"line":8}},"s":{"0":1,"1":1,"2":0,"3":1,"4":1,"5":1,"6":0,"7":0,"8":0,"9":0,"10":2,"11":1,"12":1,"13":1,"14":1,"15":1,"16":1,"17":1,"18":1,"19":1,"20":1,"21":1},"f":{"0":1,"1":1,"2":0,"3":1,"4":1,"5":0,"6":2,"7":1,"8":1},"b":{"0":[1,1,1],"1":[1,0],"2":[1,1],"3":[1,1],"4":[1,1]},"inputSourceMap":{"version":3,"file":"E:\\HTW\\project_software\\windpark\\backend\\api\\turbines.ts","sources":["E:\\HTW\\project_software\\windpark\\backend\\api\\turbines.ts"],"names":[],"mappings":";;;;;;;;;;;;AACA,sCAAyC;AAEzC;;;;;GAKG;AACH,SAAsB,iBAAiB,CAAC,OAAY,EAAE,QAAa;;QAC/D,MAAM,IAAI,GAAS,IAAI,IAAI,CAAC,OAAO,CAAC,KAAK,CAAC,IAAI,CAAC,CAAC;QAChD,MAAM,KAAK,GAAS,IAAI,IAAI,CAAC,OAAO,CAAC,KAAK,CAAC,KAAK,CAAC,CAAC;QAClD,MAAM,cAAc,GAAW,OAAO,CAAC,KAAK,CAAC,cAAc,CAAC;QAC5D,MAAM,cAAc,GAAwB,MAAM,qBAAY,CAAC,KAAK,EAAE,IAAI,EAAE,cAAc,CAAC,CAAC;QAC5F,QAAQ,CAAC,IAAI,CAAC,cAAc,CAAC,CAAC;IAClC,CAAC;CAAA;AAND,8CAMC","sourcesContent":["import mongoose from 'mongoose';\r\nimport { filterByDate } from '../helper';\r\n\r\n/**\r\n *  @brief API to filter the turbines for the map view\r\n *  @returns void\r\n *  @param request  request from frontend+\r\n *  @param response to frontend a mongoose.Document[]\r\n */\r\nexport async function getTurbinesByDate(request: any, response: any): Promise<void> {\r\n    const from: Date = new Date(request.query.from);\r\n    const until: Date = new Date(request.query.until);\r\n    const filterProperty: string = request.query.filterProperty;\r\n    const filteredByDate: mongoose.Document[] = await filterByDate(until, from, filterProperty);\r\n    response.send(filteredByDate);\r\n}"]},"_coverageSchema":"1a1c01bbd47fc00a2c39e90264f33305004495a9","hash":"9f0420d3ea3a267334f94d4bad959825818c6963","contentHash":"c04049db008168e88f1bfdef50e0f9c4e0486a5904b03e451e52e49849c4e9b3"},"E:\\HTW\\project_software\\windpark\\backend\\helper.ts":{"path":"E:\\HTW\\project_software\\windpark\\backend\\helper.ts","statementMap":{"0":{"start":{"line":2,"column":16},"end":{"line":10,"column":1}},"1":{"start":{"line":3,"column":28},"end":{"line":3,"column":110}},"2":{"start":{"line":3,"column":91},"end":{"line":3,"column":106}},"3":{"start":{"line":4,"column":4},"end":{"line":9,"column":7}},"4":{"start":{"line":5,"column":36},"end":{"line":5,"column":97}},"5":{"start":{"line":5,"column":42},"end":{"line":5,"column":70}},"6":{"start":{"line":5,"column":85},"end":{"line":5,"column":95}},"7":{"start":{"line":6,"column":35},"end":{"line":6,"column":100}},"8":{"start":{"line":6,"column":41},"end":{"line":6,"column":73}},"9":{"start":{"line":6,"column":88},"end":{"line":6,"column":98}},"10":{"start":{"line":7,"column":32},"end":{"line":7,"column":116}},"11":{"start":{"line":8,"column":8},"end":{"line":8,"column":78}},"12":{"start":{"line":11,"column":0},"end":{"line":11,"column":62}},"13":{"start":{"line":12,"column":0},"end":{"line":12,"column":107}},"14":{"start":{"line":13,"column":20},"end":{"line":13,"column":52}},"15":{"start":{"line":20,"column":18},"end":{"line":20,"column":39}},"16":{"start":{"line":21,"column":16},"end":{"line":21,"column":24}},"17":{"start":{"line":22,"column":18},"end":{"line":22,"column":26}},"18":{"start":{"line":23,"column":17},"end":{"line":23,"column":25}},"19":{"start":{"line":24,"column":4},"end":{"line":24,"column":52}},"20":{"start":{"line":26,"column":0},"end":{"line":26,"column":38}},"21":{"start":{"line":35,"column":4},"end":{"line":44,"column":7}},"22":{"start":{"line":36,"column":28},"end":{"line":36,"column":65}},"23":{"start":{"line":37,"column":35},"end":{"line":41,"column":10}},"24":{"start":{"line":38,"column":31},"end":{"line":38,"column":58}},"25":{"start":{"line":39,"column":25},"end":{"line":39,"column":50}},"26":{"start":{"line":40,"column":12},"end":{"line":40,"column":49}},"27":{"start":{"line":43,"column":8},"end":{"line":43,"column":34}},"28":{"start":{"line":46,"column":0},"end":{"line":46,"column":36}},"29":{"start":{"line":52,"column":4},"end":{"line":55,"column":7}},"30":{"start":{"line":53,"column":32},"end":{"line":53,"column":80}},"31":{"start":{"line":54,"column":8},"end":{"line":54,"column":59}},"32":{"start":{"line":54,"column":44},"end":{"line":54,"column":57}},"33":{"start":{"line":57,"column":0},"end":{"line":57,"column":42}},"34":{"start":{"line":63,"column":4},"end":{"line":65,"column":7}},"35":{"start":{"line":64,"column":8},"end":{"line":64,"column":53}},"36":{"start":{"line":67,"column":0},"end":{"line":67,"column":44}}},"fnMap":{"0":{"name":"(anonymous_0)","decl":{"start":{"line":2,"column":44},"end":{"line":2,"column":45}},"loc":{"start":{"line":2,"column":89},"end":{"line":10,"column":1}},"line":2},"1":{"name":"adopt","decl":{"start":{"line":3,"column":13},"end":{"line":3,"column":18}},"loc":{"start":{"line":3,"column":26},"end":{"line":3,"column":112}},"line":3},"2":{"name":"(anonymous_2)","decl":{"start":{"line":3,"column":70},"end":{"line":3,"column":71}},"loc":{"start":{"line":3,"column":89},"end":{"line":3,"column":108}},"line":3},"3":{"name":"(anonymous_3)","decl":{"start":{"line":4,"column":36},"end":{"line":4,"column":37}},"loc":{"start":{"line":4,"column":63},"end":{"line":9,"column":5}},"line":4},"4":{"name":"fulfilled","decl":{"start":{"line":5,"column":17},"end":{"line":5,"column":26}},"loc":{"start":{"line":5,"column":34},"end":{"line":5,"column":99}},"line":5},"5":{"name":"rejected","decl":{"start":{"line":6,"column":17},"end":{"line":6,"column":25}},"loc":{"start":{"line":6,"column":33},"end":{"line":6,"column":102}},"line":6},"6":{"name":"step","decl":{"start":{"line":7,"column":17},"end":{"line":7,"column":21}},"loc":{"start":{"line":7,"column":30},"end":{"line":7,"column":118}},"line":7},"7":{"name":"convertToDate","decl":{"start":{"line":19,"column":9},"end":{"line":19,"column":22}},"loc":{"start":{"line":19,"column":35},"end":{"line":25,"column":1}},"line":19},"8":{"name":"filterByDate","decl":{"start":{"line":34,"column":9},"end":{"line":34,"column":21}},"loc":{"start":{"line":34,"column":51},"end":{"line":45,"column":1}},"line":34},"9":{"name":"(anonymous_9)","decl":{"start":{"line":35,"column":43},"end":{"line":35,"column":44}},"loc":{"start":{"line":35,"column":56},"end":{"line":44,"column":5}},"line":35},"10":{"name":"(anonymous_10)","decl":{"start":{"line":37,"column":54},"end":{"line":37,"column":55}},"loc":{"start":{"line":37,"column":65},"end":{"line":41,"column":9}},"line":37},"11":{"name":"getAllAreaCodes","decl":{"start":{"line":51,"column":9},"end":{"line":51,"column":24}},"loc":{"start":{"line":51,"column":27},"end":{"line":56,"column":1}},"line":51},"12":{"name":"(anonymous_12)","decl":{"start":{"line":52,"column":43},"end":{"line":52,"column":44}},"loc":{"start":{"line":52,"column":56},"end":{"line":55,"column":5}},"line":52},"13":{"name":"(anonymous_13)","decl":{"start":{"line":54,"column":35},"end":{"line":54,"column":36}},"loc":{"start":{"line":54,"column":44},"end":{"line":54,"column":57}},"line":54},"14":{"name":"findAllDocuments","decl":{"start":{"line":62,"column":9},"end":{"line":62,"column":25}},"loc":{"start":{"line":62,"column":28},"end":{"line":66,"column":1}},"line":62},"15":{"name":"(anonymous_15)","decl":{"start":{"line":63,"column":43},"end":{"line":63,"column":44}},"loc":{"start":{"line":63,"column":56},"end":{"line":65,"column":5}},"line":63}},"branchMap":{"0":{"loc":{"start":{"line":2,"column":16},"end":{"line":10,"column":1}},"type":"binary-expr","locations":[{"start":{"line":2,"column":17},"end":{"line":2,"column":21}},{"start":{"line":2,"column":25},"end":{"line":2,"column":39}},{"start":{"line":2,"column":44},"end":{"line":10,"column":1}}],"line":2},"1":{"loc":{"start":{"line":3,"column":35},"end":{"line":3,"column":109}},"type":"cond-expr","locations":[{"start":{"line":3,"column":56},"end":{"line":3,"column":61}},{"start":{"line":3,"column":64},"end":{"line":3,"column":109}}],"line":3},"2":{"loc":{"start":{"line":4,"column":16},"end":{"line":4,"column":34}},"type":"binary-expr","locations":[{"start":{"line":4,"column":16},"end":{"line":4,"column":17}},{"start":{"line":4,"column":22},"end":{"line":4,"column":33}}],"line":4},"3":{"loc":{"start":{"line":7,"column":32},"end":{"line":7,"column":115}},"type":"cond-expr","locations":[{"start":{"line":7,"column":46},"end":{"line":7,"column":67}},{"start":{"line":7,"column":70},"end":{"line":7,"column":115}}],"line":7},"4":{"loc":{"start":{"line":8,"column":51},"end":{"line":8,"column":67}},"type":"binary-expr","locations":[{"start":{"line":8,"column":51},"end":{"line":8,"column":61}},{"start":{"line":8,"column":65},"end":{"line":8,"column":67}}],"line":8},"5":{"loc":{"start":{"line":40,"column":19},"end":{"line":40,"column":48}},"type":"binary-expr","locations":[{"start":{"line":40,"column":19},"end":{"line":40,"column":31}},{"start":{"line":40,"column":35},"end":{"line":40,"column":48}}],"line":40}},"s":{"0":1,"1":10,"2":0,"3":10,"4":10,"5":10,"6":0,"7":0,"8":0,"9":0,"10":20,"11":10,"12":1,"13":1,"14":1,"15":68909,"16":68909,"17":68909,"18":68909,"19":68909,"20":1,"21":5,"22":5,"23":5,"24":23380,"25":23380,"26":23380,"27":5,"28":1,"29":1,"30":1,"31":1,"32":124,"33":1,"34":4,"35":4,"36":1},"f":{"0":10,"1":10,"2":0,"3":10,"4":10,"5":0,"6":20,"7":68909,"8":5,"9":5,"10":23380,"11":1,"12":1,"13":124,"14":4,"15":4},"b":{"0":[1,1,1],"1":[10,0],"2":[10,10],"3":[10,10],"4":[10,10],"5":[23380,7075]},"inputSourceMap":{"version":3,"file":"E:\\HTW\\project_software\\windpark\\backend\\helper.ts","sources":["E:\\HTW\\project_software\\windpark\\backend\\helper.ts"],"names":[],"mappings":";;;;;;;;;;;;AACA,qDAA4C;AAE5C;;;;GAIG;AACH,SAAgB,aAAa,CAAC,UAAkB;IAC5C,MAAM,KAAK,GAAa,UAAU,CAAC,KAAK,CAAC,GAAG,CAAC,CAAC;IAC9C,MAAM,GAAG,GAAW,KAAK,CAAC,CAAC,CAAC,CAAC;IAC7B,MAAM,KAAK,GAAW,KAAK,CAAC,CAAC,CAAC,CAAC;IAC/B,MAAM,IAAI,GAAW,KAAK,CAAC,CAAC,CAAC,CAAC;IAC9B,OAAO,IAAI,IAAI,CAAC,IAAI,GAAG,GAAG,GAAG,KAAK,GAAG,GAAG,GAAG,GAAG,CAAC,CAAC;AACpD,CAAC;AAND,sCAMC;AAED;;;;;;GAMG;AACH,SAAsB,YAAY,CAAC,KAAW,EAAE,IAAU,EAAE,cAAsB;;QAE9E,MAAM,WAAW,GAAG,MAAM,eAAG,CAAC,IAAI,CAAC,EAAE,CAAC,CAAC,IAAI,EAAE,CAAC;QAC9C,MAAM,kBAAkB,GAAe,WAAW,CAAC,MAAM,CAAC,OAAO,CAAC,EAAE;YAChE,MAAM,UAAU,GAAW,OAAO,CAAC,GAAG,CAAC,cAAc,CAAC,CAAC;YACvD,MAAM,IAAI,GAAS,aAAa,CAAC,UAAU,CAAC,CAAC;YAC7C,OAAO,IAAI,IAAI,IAAI,IAAI,IAAI,IAAI,KAAK,CAAC;QACzC,CAAC,CAAC,CAAC;QACH,oEAAoE;QACpE,OAAO,kBAAkB,CAAC;IAC9B,CAAC;CAAA;AAVD,oCAUC;AAED;;;GAGG;AACH,SAAsB,eAAe;;QACjC,MAAM,eAAe,GAAa,MAAM,eAAG,CAAC,QAAQ,CAAC,SAAS,CAAC,CAAC,IAAI,EAAE,CAAC;QAEvE,OAAO,eAAe,CAAC,GAAG,CAAC,KAAK,CAAC,EAAE,CAAC,MAAM,CAAC,KAAK,CAAC,CAAC,CAAC;IACvD,CAAC;CAAA;AAJD,0CAIC;AAED;;;GAGG;AACH,SAAsB,gBAAgB;;QAClC,OAAO,MAAM,eAAG,CAAC,IAAI,CAAC,EAAE,CAAC,CAAC,IAAI,EAAE,CAAC;IACrC,CAAC;CAAA;AAFD,4CAEC","sourcesContent":["import { Document } from 'mongoose';\r\nimport { WKA } from \"./db-models/wka-model\";\r\n\r\n/**\r\n *  @brief helper function to convert the date string to a Date Object\r\n *  @returns Date\r\n *  @param dateString from type string\r\n */\r\nexport function convertToDate(dateString: string): Date {\r\n    const parts: string[] = dateString.split('.');\r\n    const day: string = parts[0];\r\n    const month: string = parts[1];\r\n    const year: string = parts[2];\r\n    return new Date(year + \"-\" + month + \"-\" + day);\r\n}\r\n\r\n/**\r\n *  @brief function to filter for turbines by date \r\n *  @returns void\r\n *  @param until the date request from frontend\r\n *  @param from the date request from frontend\r\n *  @param filterProperty the filter property request from frontend\r\n */\r\nexport async function filterByDate(until: Date, from: Date, filterProperty: string): Promise<Document[]> {\r\n\r\n    const allTurbines = await WKA.find({}).exec();\r\n    const turbinesInInterval: Document[] = allTurbines.filter(turbine => {\r\n        const dateString: string = turbine.get(filterProperty);\r\n        const date: Date = convertToDate(dateString);\r\n        return date >= from && date <= until;\r\n    });\r\n    //console.log('Turbines matched date: ', turbinesInInterval.length);\r\n    return turbinesInInterval;\r\n}\r\n\r\n/**\r\n *  @brief helper function to get all Area codes from database\r\n *  @returns getAllAreaCodes array of strings\r\n */\r\nexport async function getAllAreaCodes(): Promise<string[]> {\r\n    const getAllAreaCodes: string[] = await WKA.distinct('PLZ,C,5').exec();\r\n\r\n    return getAllAreaCodes.map(entry => String(entry));\r\n}\r\n\r\n/**\r\n *  @brief helper function which gets all documents from datebase\r\n *  @returns Document\r\n */\r\nexport async function findAllDocuments(): Promise<Document[]> {\r\n    return await WKA.find({}).exec();\r\n}"]},"_coverageSchema":"1a1c01bbd47fc00a2c39e90264f33305004495a9","hash":"ace56ca9b35f8b00ace7ef23c0fbb29f2f132810","contentHash":"c0b30ce4fa3c4c39faa756647aaaaacc217a56c60dcdbc2aa05b5abdc5c5bc59"},"E:\\HTW\\project_software\\windpark\\backend\\api\\full-power.ts":{"path":"E:\\HTW\\project_software\\windpark\\backend\\api\\full-power.ts","statementMap":{"0":{"start":{"line":2,"column":16},"end":{"line":10,"column":1}},"1":{"start":{"line":3,"column":28},"end":{"line":3,"column":110}},"2":{"start":{"line":3,"column":91},"end":{"line":3,"column":106}},"3":{"start":{"line":4,"column":4},"end":{"line":9,"column":7}},"4":{"start":{"line":5,"column":36},"end":{"line":5,"column":97}},"5":{"start":{"line":5,"column":42},"end":{"line":5,"column":70}},"6":{"start":{"line":5,"column":85},"end":{"line":5,"column":95}},"7":{"start":{"line":6,"column":35},"end":{"line":6,"column":100}},"8":{"start":{"line":6,"column":41},"end":{"line":6,"column":73}},"9":{"start":{"line":6,"column":88},"end":{"line":6,"column":98}},"10":{"start":{"line":7,"column":32},"end":{"line":7,"column":116}},"11":{"start":{"line":8,"column":8},"end":{"line":8,"column":78}},"12":{"start":{"line":11,"column":0},"end":{"line":11,"column":62}},"13":{"start":{"line":12,"column":0},"end":{"line":12,"column":36}},"14":{"start":{"line":13,"column":17},"end":{"line":13,"column":37}},"15":{"start":{"line":21,"column":4},"end":{"line":32,"column":7}},"16":{"start":{"line":22,"column":21},"end":{"line":22,"column":49}},"17":{"start":{"line":23,"column":22},"end":{"line":23,"column":51}},"18":{"start":{"line":24,"column":31},"end":{"line":24,"column":59}},"19":{"start":{"line":25,"column":31},"end":{"line":25,"column":87}},"20":{"start":{"line":26,"column":20},"end":{"line":30,"column":55}},"21":{"start":{"line":28,"column":12},"end":{"line":28,"column":76}},"22":{"start":{"line":30,"column":38},"end":{"line":30,"column":51}},"23":{"start":{"line":31,"column":8},"end":{"line":31,"column":31}},"24":{"start":{"line":34,"column":0},"end":{"line":34,"column":48}}},"fnMap":{"0":{"name":"(anonymous_0)","decl":{"start":{"line":2,"column":44},"end":{"line":2,"column":45}},"loc":{"start":{"line":2,"column":89},"end":{"line":10,"column":1}},"line":2},"1":{"name":"adopt","decl":{"start":{"line":3,"column":13},"end":{"line":3,"column":18}},"loc":{"start":{"line":3,"column":26},"end":{"line":3,"column":112}},"line":3},"2":{"name":"(anonymous_2)","decl":{"start":{"line":3,"column":70},"end":{"line":3,"column":71}},"loc":{"start":{"line":3,"column":89},"end":{"line":3,"column":108}},"line":3},"3":{"name":"(anonymous_3)","decl":{"start":{"line":4,"column":36},"end":{"line":4,"column":37}},"loc":{"start":{"line":4,"column":63},"end":{"line":9,"column":5}},"line":4},"4":{"name":"fulfilled","decl":{"start":{"line":5,"column":17},"end":{"line":5,"column":26}},"loc":{"start":{"line":5,"column":34},"end":{"line":5,"column":99}},"line":5},"5":{"name":"rejected","decl":{"start":{"line":6,"column":17},"end":{"line":6,"column":25}},"loc":{"start":{"line":6,"column":33},"end":{"line":6,"column":102}},"line":6},"6":{"name":"step","decl":{"start":{"line":7,"column":17},"end":{"line":7,"column":21}},"loc":{"start":{"line":7,"column":30},"end":{"line":7,"column":118}},"line":7},"7":{"name":"getFullPowerByDate","decl":{"start":{"line":20,"column":9},"end":{"line":20,"column":27}},"loc":{"start":{"line":20,"column":47},"end":{"line":33,"column":1}},"line":20},"8":{"name":"(anonymous_8)","decl":{"start":{"line":21,"column":43},"end":{"line":21,"column":44}},"loc":{"start":{"line":21,"column":56},"end":{"line":32,"column":5}},"line":21},"9":{"name":"(anonymous_9)","decl":{"start":{"line":27,"column":17},"end":{"line":27,"column":18}},"loc":{"start":{"line":27,"column":28},"end":{"line":29,"column":9}},"line":27},"10":{"name":"(anonymous_10)","decl":{"start":{"line":30,"column":20},"end":{"line":30,"column":21}},"loc":{"start":{"line":30,"column":38},"end":{"line":30,"column":51}},"line":30}},"branchMap":{"0":{"loc":{"start":{"line":2,"column":16},"end":{"line":10,"column":1}},"type":"binary-expr","locations":[{"start":{"line":2,"column":17},"end":{"line":2,"column":21}},{"start":{"line":2,"column":25},"end":{"line":2,"column":39}},{"start":{"line":2,"column":44},"end":{"line":10,"column":1}}],"line":2},"1":{"loc":{"start":{"line":3,"column":35},"end":{"line":3,"column":109}},"type":"cond-expr","locations":[{"start":{"line":3,"column":56},"end":{"line":3,"column":61}},{"start":{"line":3,"column":64},"end":{"line":3,"column":109}}],"line":3},"2":{"loc":{"start":{"line":4,"column":16},"end":{"line":4,"column":34}},"type":"binary-expr","locations":[{"start":{"line":4,"column":16},"end":{"line":4,"column":17}},{"start":{"line":4,"column":22},"end":{"line":4,"column":33}}],"line":4},"3":{"loc":{"start":{"line":7,"column":32},"end":{"line":7,"column":115}},"type":"cond-expr","locations":[{"start":{"line":7,"column":46},"end":{"line":7,"column":67}},{"start":{"line":7,"column":70},"end":{"line":7,"column":115}}],"line":7},"4":{"loc":{"start":{"line":8,"column":51},"end":{"line":8,"column":67}},"type":"binary-expr","locations":[{"start":{"line":8,"column":51},"end":{"line":8,"column":61}},{"start":{"line":8,"column":65},"end":{"line":8,"column":67}}],"line":8}},"s":{"0":1,"1":1,"2":0,"3":1,"4":1,"5":1,"6":0,"7":0,"8":0,"9":0,"10":2,"11":1,"12":1,"13":1,"14":1,"15":1,"16":1,"17":1,"18":1,"19":1,"20":1,"21":1371,"22":1371,"23":1,"24":1},"f":{"0":1,"1":1,"2":0,"3":1,"4":1,"5":0,"6":2,"7":1,"8":1,"9":1371,"10":1371},"b":{"0":[1,1,1],"1":[1,0],"2":[1,1],"3":[1,1],"4":[1,1]},"inputSourceMap":{"version":3,"file":"E:\\HTW\\project_software\\windpark\\backend\\api\\full-power.ts","sources":["E:\\HTW\\project_software\\windpark\\backend\\api\\full-power.ts"],"names":[],"mappings":";;;;;;;;;;;;AACA,sCAAyC;AAEzC;;;;;GAKG;AACH,SAAsB,kBAAkB,CAAC,OAAY,EAAE,QAAa;;QAChE,MAAM,IAAI,GAAS,IAAI,IAAI,CAAC,OAAO,CAAC,KAAK,CAAC,IAAI,CAAC,CAAC;QAChD,MAAM,KAAK,GAAS,IAAI,IAAI,CAAC,OAAO,CAAC,KAAK,CAAC,KAAK,CAAC,CAAC;QAClD,MAAM,cAAc,GAAW,OAAO,CAAC,KAAK,CAAC,cAAc,CAAC;QAC5D,MAAM,cAAc,GAAwB,MAAM,qBAAY,CAAC,KAAK,EAAE,IAAI,EAAE,cAAc,CAAC,CAAC;QAE5F,MAAM,GAAG,GAAW,cAAc;aAC7B,GAAG,CAAC,OAAO,CAAC,EAAE;YACX,OAAO,MAAM,CAAC,OAAO,CAAC,GAAG,CAAC,iBAAiB,CAAC,CAAC,OAAO,CAAC,GAAG,EAAE,GAAG,CAAC,CAAC,CAAA;QACnE,CAAC,CAAC;aACD,MAAM,CAAC,CAAC,GAAG,EAAE,OAAO,EAAE,EAAE,CAAC,GAAG,GAAG,OAAO,EAAE,CAAC,CAAC,CAAC;QAEhD,QAAQ,CAAC,IAAI,CAAC,EAAE,GAAG,EAAE,CAAC,CAAC;IAC3B,CAAC;CAAA;AAbD,gDAaC","sourcesContent":["import mongoose from 'mongoose';\r\nimport { filterByDate } from '../helper';\r\n\r\n/**\r\n *  @brief API to return all power values filtered by date\r\n *  @returns void\r\n *  @param request  request from frontend\r\n *  @param response to frontend the sum as type number\r\n */\r\nexport async function getFullPowerByDate(request: any, response: any): Promise<void> {\r\n    const from: Date = new Date(request.query.from);\r\n    const until: Date = new Date(request.query.until);\r\n    const filterProperty: string = request.query.filterProperty;\r\n    const filteredByDate: mongoose.Document[] = await filterByDate(until, from, filterProperty);\r\n    \r\n    const sum: number = filteredByDate\r\n        .map(turbine => {\r\n            return Number(turbine.get(\"Leistung,N,13,3\").replace(',', '.'))\r\n        })\r\n        .reduce((sum, current) => sum + current, 0);\r\n\r\n    response.send({ sum });\r\n}\r\n"]},"_coverageSchema":"1a1c01bbd47fc00a2c39e90264f33305004495a9","hash":"03a0adc88dd298fb61f20ffc4946b2fc64189427","contentHash":"cfd2219c9c551c077eb3ada421aae744066b5d9d7982dcc9af2f318b13ec9c15"},"E:\\HTW\\project_software\\windpark\\backend\\api\\power-per-year.ts":{"path":"E:\\HTW\\project_software\\windpark\\backend\\api\\power-per-year.ts","statementMap":{"0":{"start":{"line":2,"column":16},"end":{"line":10,"column":1}},"1":{"start":{"line":3,"column":28},"end":{"line":3,"column":110}},"2":{"start":{"line":3,"column":91},"end":{"line":3,"column":106}},"3":{"start":{"line":4,"column":4},"end":{"line":9,"column":7}},"4":{"start":{"line":5,"column":36},"end":{"line":5,"column":97}},"5":{"start":{"line":5,"column":42},"end":{"line":5,"column":70}},"6":{"start":{"line":5,"column":85},"end":{"line":5,"column":95}},"7":{"start":{"line":6,"column":35},"end":{"line":6,"column":100}},"8":{"start":{"line":6,"column":41},"end":{"line":6,"column":73}},"9":{"start":{"line":6,"column":88},"end":{"line":6,"column":98}},"10":{"start":{"line":7,"column":32},"end":{"line":7,"column":116}},"11":{"start":{"line":8,"column":8},"end":{"line":8,"column":78}},"12":{"start":{"line":11,"column":0},"end":{"line":11,"column":62}},"13":{"start":{"line":12,"column":0},"end":{"line":12,"column":34}},"14":{"start":{"line":13,"column":17},"end":{"line":13,"column":37}},"15":{"start":{"line":21,"column":4},"end":{"line":46,"column":7}},"16":{"start":{"line":22,"column":21},"end":{"line":22,"column":49}},"17":{"start":{"line":23,"column":22},"end":{"line":23,"column":51}},"18":{"start":{"line":24,"column":31},"end":{"line":24,"column":59}},"19":{"start":{"line":25,"column":22},"end":{"line":25,"column":24}},"20":{"start":{"line":26,"column":8},"end":{"line":28,"column":9}},"21":{"start":{"line":26,"column":25},"end":{"line":26,"column":43}},"22":{"start":{"line":27,"column":12},"end":{"line":27,"column":54}},"23":{"start":{"line":29,"column":31},"end":{"line":29,"column":87}},"24":{"start":{"line":30,"column":8},"end":{"line":37,"column":11}},"25":{"start":{"line":31,"column":26},"end":{"line":31,"column":82}},"26":{"start":{"line":32,"column":31},"end":{"line":32,"column":58}},"27":{"start":{"line":33,"column":25},"end":{"line":33,"column":59}},"28":{"start":{"line":34,"column":25},"end":{"line":34,"column":43}},"29":{"start":{"line":35,"column":31},"end":{"line":35,"column":71}},"30":{"start":{"line":35,"column":51},"end":{"line":35,"column":70}},"31":{"start":{"line":36,"column":12},"end":{"line":36,"column":38}},"32":{"start":{"line":38,"column":8},"end":{"line":44,"column":11}},"33":{"start":{"line":39,"column":12},"end":{"line":39,"column":39}},"34":{"start":{"line":40,"column":31},"end":{"line":40,"column":41}},"35":{"start":{"line":41,"column":32},"end":{"line":41,"column":76}},"36":{"start":{"line":41,"column":48},"end":{"line":41,"column":75}},"37":{"start":{"line":42,"column":38},"end":{"line":42,"column":139}},"38":{"start":{"line":43,"column":12},"end":{"line":43,"column":52}},"39":{"start":{"line":45,"column":8},"end":{"line":45,"column":29}},"40":{"start":{"line":48,"column":0},"end":{"line":48,"column":44}}},"fnMap":{"0":{"name":"(anonymous_0)","decl":{"start":{"line":2,"column":44},"end":{"line":2,"column":45}},"loc":{"start":{"line":2,"column":89},"end":{"line":10,"column":1}},"line":2},"1":{"name":"adopt","decl":{"start":{"line":3,"column":13},"end":{"line":3,"column":18}},"loc":{"start":{"line":3,"column":26},"end":{"line":3,"column":112}},"line":3},"2":{"name":"(anonymous_2)","decl":{"start":{"line":3,"column":70},"end":{"line":3,"column":71}},"loc":{"start":{"line":3,"column":89},"end":{"line":3,"column":108}},"line":3},"3":{"name":"(anonymous_3)","decl":{"start":{"line":4,"column":36},"end":{"line":4,"column":37}},"loc":{"start":{"line":4,"column":63},"end":{"line":9,"column":5}},"line":4},"4":{"name":"fulfilled","decl":{"start":{"line":5,"column":17},"end":{"line":5,"column":26}},"loc":{"start":{"line":5,"column":34},"end":{"line":5,"column":99}},"line":5},"5":{"name":"rejected","decl":{"start":{"line":6,"column":17},"end":{"line":6,"column":25}},"loc":{"start":{"line":6,"column":33},"end":{"line":6,"column":102}},"line":6},"6":{"name":"step","decl":{"start":{"line":7,"column":17},"end":{"line":7,"column":21}},"loc":{"start":{"line":7,"column":30},"end":{"line":7,"column":118}},"line":7},"7":{"name":"getPowerPerYears","decl":{"start":{"line":20,"column":9},"end":{"line":20,"column":25}},"loc":{"start":{"line":20,"column":45},"end":{"line":47,"column":1}},"line":20},"8":{"name":"(anonymous_8)","decl":{"start":{"line":21,"column":43},"end":{"line":21,"column":44}},"loc":{"start":{"line":21,"column":56},"end":{"line":46,"column":5}},"line":21},"9":{"name":"(anonymous_9)","decl":{"start":{"line":30,"column":31},"end":{"line":30,"column":32}},"loc":{"start":{"line":30,"column":42},"end":{"line":37,"column":9}},"line":30},"10":{"name":"(anonymous_10)","decl":{"start":{"line":35,"column":42},"end":{"line":35,"column":43}},"loc":{"start":{"line":35,"column":51},"end":{"line":35,"column":70}},"line":35},"11":{"name":"(anonymous_11)","decl":{"start":{"line":38,"column":22},"end":{"line":38,"column":23}},"loc":{"start":{"line":38,"column":31},"end":{"line":44,"column":9}},"line":38},"12":{"name":"(anonymous_12)","decl":{"start":{"line":41,"column":43},"end":{"line":41,"column":44}},"loc":{"start":{"line":41,"column":48},"end":{"line":41,"column":75}},"line":41}},"branchMap":{"0":{"loc":{"start":{"line":2,"column":16},"end":{"line":10,"column":1}},"type":"binary-expr","locations":[{"start":{"line":2,"column":17},"end":{"line":2,"column":21}},{"start":{"line":2,"column":25},"end":{"line":2,"column":39}},{"start":{"line":2,"column":44},"end":{"line":10,"column":1}}],"line":2},"1":{"loc":{"start":{"line":3,"column":35},"end":{"line":3,"column":109}},"type":"cond-expr","locations":[{"start":{"line":3,"column":56},"end":{"line":3,"column":61}},{"start":{"line":3,"column":64},"end":{"line":3,"column":109}}],"line":3},"2":{"loc":{"start":{"line":4,"column":16},"end":{"line":4,"column":34}},"type":"binary-expr","locations":[{"start":{"line":4,"column":16},"end":{"line":4,"column":17}},{"start":{"line":4,"column":22},"end":{"line":4,"column":33}}],"line":4},"3":{"loc":{"start":{"line":7,"column":32},"end":{"line":7,"column":115}},"type":"cond-expr","locations":[{"start":{"line":7,"column":46},"end":{"line":7,"column":67}},{"start":{"line":7,"column":70},"end":{"line":7,"column":115}}],"line":7},"4":{"loc":{"start":{"line":8,"column":51},"end":{"line":8,"column":67}},"type":"binary-expr","locations":[{"start":{"line":8,"column":51},"end":{"line":8,"column":61}},{"start":{"line":8,"column":65},"end":{"line":8,"column":67}}],"line":8},"5":{"loc":{"start":{"line":42,"column":38},"end":{"line":42,"column":139}},"type":"cond-expr","locations":[{"start":{"line":42,"column":118},"end":{"line":42,"column":135}},{"start":{"line":42,"column":138},"end":{"line":42,"column":139}}],"line":42},"6":{"loc":{"start":{"line":42,"column":39},"end":{"line":42,"column":114}},"type":"cond-expr","locations":[{"start":{"line":42,"column":88},"end":{"line":42,"column":94}},{"start":{"line":42,"column":97},"end":{"line":42,"column":114}}],"line":42},"7":{"loc":{"start":{"line":42,"column":39},"end":{"line":42,"column":85}},"type":"binary-expr","locations":[{"start":{"line":42,"column":39},"end":{"line":42,"column":59}},{"start":{"line":42,"column":63},"end":{"line":42,"column":85}}],"line":42}},"s":{"0":1,"1":1,"2":0,"3":1,"4":1,"5":1,"6":0,"7":0,"8":0,"9":0,"10":2,"11":1,"12":1,"13":1,"14":1,"15":1,"16":1,"17":1,"18":1,"19":1,"20":1,"21":1,"22":11,"23":1,"24":1,"25":1371,"26":1371,"27":1371,"28":1371,"29":1371,"30":7608,"31":1371,"32":1,"33":11,"34":11,"35":11,"36":66,"37":11,"38":11,"39":1,"40":1},"f":{"0":1,"1":1,"2":0,"3":1,"4":1,"5":0,"6":2,"7":1,"8":1,"9":1371,"10":7608,"11":11,"12":66},"b":{"0":[1,1,1],"1":[1,0],"2":[1,1],"3":[1,1],"4":[1,1],"5":[10,1],"6":[1,10],"7":[11,11]},"inputSourceMap":{"version":3,"file":"E:\\HTW\\project_software\\windpark\\backend\\api\\power-per-year.ts","sources":["E:\\HTW\\project_software\\windpark\\backend\\api\\power-per-year.ts"],"names":[],"mappings":";;;;;;;;;;;;AACA,sCAAwD;AAExD;;;;;EAKE;AACF,SAAsB,gBAAgB,CAAC,OAAY,EAAE,QAAa;;QAC9D,MAAM,IAAI,GAAS,IAAI,IAAI,CAAC,OAAO,CAAC,KAAK,CAAC,IAAI,CAAC,CAAC;QAChD,MAAM,KAAK,GAAS,IAAI,IAAI,CAAC,OAAO,CAAC,KAAK,CAAC,KAAK,CAAC,CAAC;QAClD,MAAM,cAAc,GAAW,OAAO,CAAC,KAAK,CAAC,cAAc,CAAC;QAE5D,MAAM,KAAK,GAAU,EAAE,CAAC;QACxB,KAAK,IAAI,KAAK,GAAW,IAAI,CAAC,WAAW,EAAE,EAAE,KAAK,GAAG,KAAK,CAAC,WAAW,EAAE,GAAG,CAAC,EAAE,KAAK,EAAE,EAAE;YACnF,KAAK,CAAC,IAAI,CAAC,EAAE,MAAM,EAAE,KAAK,EAAE,OAAO,EAAE,CAAC,EAAE,CAAC,CAAC;SAC7C;QAED,MAAM,cAAc,GAAwB,MAAM,qBAAY,CAAC,KAAK,EAAE,IAAI,EAAE,cAAc,CAAC,CAAC;QAE5F,cAAc,CAAC,OAAO,CAAC,OAAO,CAAC,EAAE;YAC7B,MAAM,KAAK,GAAG,MAAM,CAAC,OAAO,CAAC,GAAG,CAAC,iBAAiB,CAAC,CAAC,OAAO,CAAC,GAAG,EAAE,GAAG,CAAC,CAAC,CAAC;YACvE,MAAM,UAAU,GAAW,OAAO,CAAC,GAAG,CAAC,cAAc,CAAC,CAAC;YACvD,MAAM,IAAI,GAAS,sBAAa,CAAC,UAAU,CAAC,CAAC;YAC7C,MAAM,IAAI,GAAW,IAAI,CAAC,WAAW,EAAE,CAAC;YACxC,MAAM,UAAU,GAAG,KAAK,CAAC,IAAI,CAAC,KAAK,CAAC,EAAE,CAAC,IAAI,KAAK,KAAK,CAAC,IAAI,CAAC,CAAC;YAC5D,UAAU,CAAC,KAAK,IAAI,KAAK,CAAC;QAC9B,CAAC,CAAC,CAAC;QAEH,KAAK,CAAC,OAAO,CAAC,KAAK,CAAC,EAAE;YAClB,KAAK,CAAC,MAAM,GAAG,KAAK,CAAC,KAAK,CAAC;YAC3B,MAAM,UAAU,GAAG,KAAK,CAAC,IAAI,CAAC;YAC9B,MAAM,WAAW,GAAG,KAAK,CAAC,IAAI,CAAC,CAAC,CAAC,EAAE,CAAC,CAAC,CAAC,IAAI,KAAK,CAAC,UAAU,GAAG,CAAC,CAAC,CAAC,CAAC;YACjE,MAAM,iBAAiB,GAAG,CAAA,WAAW,aAAX,WAAW,uBAAX,WAAW,CAAE,KAAK,EAAC,CAAC,CAAC,WAAW,CAAC,KAAK,CAAC,CAAC,CAAC,CAAC,CAAC;YAErE,OAAO,KAAK,CAAC,KAAK,IAAI,iBAAiB,CAAC;QAC5C,CAAC,CAAC,CAAC;QACH,QAAQ,CAAC,IAAI,CAAC,KAAK,CAAC,CAAC;IACzB,CAAC;CAAA;AA9BD,4CA8BC","sourcesContent":["import mongoose from 'mongoose';\r\nimport { filterByDate, convertToDate } from '../helper';\r\n\r\n/**\r\n *  @brief API to return power and date of years\r\n *  @returns void\r\n *  @param request  request from frontend\r\n *  @param response returns an array \r\n*/\r\nexport async function getPowerPerYears(request: any, response: any): Promise<void> {\r\n    const from: Date = new Date(request.query.from);\r\n    const until: Date = new Date(request.query.until);\r\n    const filterProperty: string = request.query.filterProperty;\r\n\r\n    const years: any[] = [];\r\n    for (let index: number = from.getFullYear(); index < until.getFullYear() + 1; index++) {\r\n        years.push({ 'year': index, 'power': 0 });\r\n    }\r\n\r\n    const filteredByDate: mongoose.Document[] = await filterByDate(until, from, filterProperty);\r\n\r\n    filteredByDate.forEach(turbine => {\r\n        const power = Number(turbine.get(\"Leistung,N,13,3\").replace(',', '.'));\r\n        const dateString: string = turbine.get(filterProperty);\r\n        const date: Date = convertToDate(dateString);\r\n        const year: number = date.getFullYear();\r\n        const actualYear = years.find(entry => year === entry.year);\r\n        actualYear.power += power;\r\n    });\r\n\r\n    years.forEach(entry => {\r\n        entry.change = entry.power;\r\n        const actualYear = entry.year;\r\n        const entryBefore = years.find(e => e.year === (actualYear - 1));\r\n        const powerOfYearBefore = entryBefore?.power ? entryBefore.power : 0;\r\n\r\n        return entry.power += powerOfYearBefore;\r\n    });\r\n    response.send(years);\r\n}"]},"_coverageSchema":"1a1c01bbd47fc00a2c39e90264f33305004495a9","hash":"75a2c5aaacb3df28878722465583f54df1501a15","contentHash":"6a14ee31a0348606add1b6c5b3e555e7c410ee163ddde304102d42a98eedd7bf"},"E:\\HTW\\project_software\\windpark\\backend\\api\\hub-rotor.ts":{"path":"E:\\HTW\\project_software\\windpark\\backend\\api\\hub-rotor.ts","statementMap":{"0":{"start":{"line":2,"column":16},"end":{"line":10,"column":1}},"1":{"start":{"line":3,"column":28},"end":{"line":3,"column":110}},"2":{"start":{"line":3,"column":91},"end":{"line":3,"column":106}},"3":{"start":{"line":4,"column":4},"end":{"line":9,"column":7}},"4":{"start":{"line":5,"column":36},"end":{"line":5,"column":97}},"5":{"start":{"line":5,"column":42},"end":{"line":5,"column":70}},"6":{"start":{"line":5,"column":85},"end":{"line":5,"column":95}},"7":{"start":{"line":6,"column":35},"end":{"line":6,"column":100}},"8":{"start":{"line":6,"column":41},"end":{"line":6,"column":73}},"9":{"start":{"line":6,"column":88},"end":{"line":6,"column":98}},"10":{"start":{"line":7,"column":32},"end":{"line":7,"column":116}},"11":{"start":{"line":8,"column":8},"end":{"line":8,"column":78}},"12":{"start":{"line":11,"column":0},"end":{"line":11,"column":62}},"13":{"start":{"line":12,"column":0},"end":{"line":12,"column":40}},"14":{"start":{"line":13,"column":17},"end":{"line":13,"column":37}},"15":{"start":{"line":21,"column":4},"end":{"line":35,"column":7}},"16":{"start":{"line":22,"column":21},"end":{"line":22,"column":49}},"17":{"start":{"line":23,"column":22},"end":{"line":23,"column":51}},"18":{"start":{"line":24,"column":31},"end":{"line":24,"column":59}},"19":{"start":{"line":25,"column":31},"end":{"line":25,"column":87}},"20":{"start":{"line":26,"column":23},"end":{"line":30,"column":10}},"21":{"start":{"line":27,"column":24},"end":{"line":27,"column":82}},"22":{"start":{"line":28,"column":26},"end":{"line":28,"column":84}},"23":{"start":{"line":29,"column":12},"end":{"line":29,"column":34}},"24":{"start":{"line":31,"column":40},"end":{"line":33,"column":10}},"25":{"start":{"line":32,"column":12},"end":{"line":32,"column":64}},"26":{"start":{"line":34,"column":8},"end":{"line":34,"column":47}},"27":{"start":{"line":37,"column":0},"end":{"line":37,"column":56}}},"fnMap":{"0":{"name":"(anonymous_0)","decl":{"start":{"line":2,"column":44},"end":{"line":2,"column":45}},"loc":{"start":{"line":2,"column":89},"end":{"line":10,"column":1}},"line":2},"1":{"name":"adopt","decl":{"start":{"line":3,"column":13},"end":{"line":3,"column":18}},"loc":{"start":{"line":3,"column":26},"end":{"line":3,"column":112}},"line":3},"2":{"name":"(anonymous_2)","decl":{"start":{"line":3,"column":70},"end":{"line":3,"column":71}},"loc":{"start":{"line":3,"column":89},"end":{"line":3,"column":108}},"line":3},"3":{"name":"(anonymous_3)","decl":{"start":{"line":4,"column":36},"end":{"line":4,"column":37}},"loc":{"start":{"line":4,"column":63},"end":{"line":9,"column":5}},"line":4},"4":{"name":"fulfilled","decl":{"start":{"line":5,"column":17},"end":{"line":5,"column":26}},"loc":{"start":{"line":5,"column":34},"end":{"line":5,"column":99}},"line":5},"5":{"name":"rejected","decl":{"start":{"line":6,"column":17},"end":{"line":6,"column":25}},"loc":{"start":{"line":6,"column":33},"end":{"line":6,"column":102}},"line":6},"6":{"name":"step","decl":{"start":{"line":7,"column":17},"end":{"line":7,"column":21}},"loc":{"start":{"line":7,"column":30},"end":{"line":7,"column":118}},"line":7},"7":{"name":"getHubsAndRotorsByDate","decl":{"start":{"line":20,"column":9},"end":{"line":20,"column":31}},"loc":{"start":{"line":20,"column":51},"end":{"line":36,"column":1}},"line":20},"8":{"name":"(anonymous_8)","decl":{"start":{"line":21,"column":43},"end":{"line":21,"column":44}},"loc":{"start":{"line":21,"column":56},"end":{"line":35,"column":5}},"line":21},"9":{"name":"(anonymous_9)","decl":{"start":{"line":26,"column":42},"end":{"line":26,"column":43}},"loc":{"start":{"line":26,"column":53},"end":{"line":30,"column":9}},"line":26},"10":{"name":"(anonymous_10)","decl":{"start":{"line":31,"column":54},"end":{"line":31,"column":55}},"loc":{"start":{"line":31,"column":70},"end":{"line":33,"column":9}},"line":31}},"branchMap":{"0":{"loc":{"start":{"line":2,"column":16},"end":{"line":10,"column":1}},"type":"binary-expr","locations":[{"start":{"line":2,"column":17},"end":{"line":2,"column":21}},{"start":{"line":2,"column":25},"end":{"line":2,"column":39}},{"start":{"line":2,"column":44},"end":{"line":10,"column":1}}],"line":2},"1":{"loc":{"start":{"line":3,"column":35},"end":{"line":3,"column":109}},"type":"cond-expr","locations":[{"start":{"line":3,"column":56},"end":{"line":3,"column":61}},{"start":{"line":3,"column":64},"end":{"line":3,"column":109}}],"line":3},"2":{"loc":{"start":{"line":4,"column":16},"end":{"line":4,"column":34}},"type":"binary-expr","locations":[{"start":{"line":4,"column":16},"end":{"line":4,"column":17}},{"start":{"line":4,"column":22},"end":{"line":4,"column":33}}],"line":4},"3":{"loc":{"start":{"line":7,"column":32},"end":{"line":7,"column":115}},"type":"cond-expr","locations":[{"start":{"line":7,"column":46},"end":{"line":7,"column":67}},{"start":{"line":7,"column":70},"end":{"line":7,"column":115}}],"line":7},"4":{"loc":{"start":{"line":8,"column":51},"end":{"line":8,"column":67}},"type":"binary-expr","locations":[{"start":{"line":8,"column":51},"end":{"line":8,"column":61}},{"start":{"line":8,"column":65},"end":{"line":8,"column":67}}],"line":8},"5":{"loc":{"start":{"line":32,"column":19},"end":{"line":32,"column":63}},"type":"binary-expr","locations":[{"start":{"line":32,"column":19},"end":{"line":32,"column":36}},{"start":{"line":32,"column":40},"end":{"line":32,"column":63}}],"line":32}},"s":{"0":1,"1":1,"2":0,"3":1,"4":1,"5":1,"6":0,"7":0,"8":0,"9":0,"10":2,"11":1,"12":1,"13":1,"14":1,"15":1,"16":1,"17":1,"18":1,"19":1,"20":1,"21":1371,"22":1371,"23":1371,"24":1,"25":1371,"26":1,"27":1},"f":{"0":1,"1":1,"2":0,"3":1,"4":1,"5":0,"6":2,"7":1,"8":1,"9":1371,"10":1371},"b":{"0":[1,1,1],"1":[1,0],"2":[1,1],"3":[1,1],"4":[1,1],"5":[1371,1359]},"inputSourceMap":{"version":3,"file":"E:\\HTW\\project_software\\windpark\\backend\\api\\hub-rotor.ts","sources":["E:\\HTW\\project_software\\windpark\\backend\\api\\hub-rotor.ts"],"names":[],"mappings":";;;;;;;;;;;;AACA,sCAAyC;AAEzC;;;;;GAKG;AACH,SAAsB,sBAAsB,CAAC,OAAY,EAAE,QAAa;;QACpE,MAAM,IAAI,GAAS,IAAI,IAAI,CAAC,OAAO,CAAC,KAAK,CAAC,IAAI,CAAC,CAAC;QAChD,MAAM,KAAK,GAAS,IAAI,IAAI,CAAC,OAAO,CAAC,KAAK,CAAC,KAAK,CAAC,CAAC;QAClD,MAAM,cAAc,GAAW,OAAO,CAAC,KAAK,CAAC,cAAc,CAAC;QAC5D,MAAM,cAAc,GAAwB,MAAM,qBAAY,CAAC,KAAK,EAAE,IAAI,EAAE,cAAc,CAAC,CAAC;QAC5F,MAAM,MAAM,GAAU,cAAc,CAAC,GAAG,CAAC,OAAO,CAAC,EAAE;YAC/C,MAAM,GAAG,GAAW,MAAM,CAAC,OAAO,CAAC,GAAG,CAAC,mBAAmB,CAAC,CAAC,OAAO,CAAC,GAAG,EAAE,GAAG,CAAC,CAAC,CAAC;YAC/E,MAAM,KAAK,GAAW,MAAM,CAAC,OAAO,CAAC,GAAG,CAAC,mBAAmB,CAAC,CAAC,OAAO,CAAC,GAAG,EAAE,GAAG,CAAC,CAAC,CAAC;YACjF,OAAO,EAAE,GAAG,EAAE,KAAK,EAAE,CAAC;QAC1B,CAAC,CAAC,CAAC;QACH,MAAM,uBAAuB,GAAU,MAAM,CAAC,MAAM,CAAC,CAAC,UAAU,EAAE,EAAE;YAChE,OAAO,UAAU,CAAC,KAAK,CAAC,IAAI,UAAU,CAAC,OAAO,CAAC,GAAG,CAAC,CAAC;QACxD,CAAC,CAAC,CAAC;QAEH,QAAQ,CAAC,IAAI,CAAC,uBAAuB,CAAC,CAAC;IAC3C,CAAC;CAAA;AAfD,wDAeC","sourcesContent":["import mongoose from 'mongoose';\r\nimport { filterByDate } from \"../helper\";\r\n\r\n/**\r\n *  @brief API to return all hub heights and rotor diameters\r\n *  @returns void\r\n *  @param request  request from frontend\r\n *  @param response returns an array \r\n */\r\nexport async function getHubsAndRotorsByDate(request: any, response: any): Promise<void> {\r\n    const from: Date = new Date(request.query.from);\r\n    const until: Date = new Date(request.query.until);\r\n    const filterProperty: string = request.query.filterProperty;\r\n    const filteredByDate: mongoose.Document[] = await filterByDate(until, from, filterProperty);\r\n    const result: any[] = filteredByDate.map(turbine => {\r\n        const hub: number = Number(turbine.get(\"Nabenhoehe,N,11,2\").replace(',', '.'));\r\n        const rotor: number = Number(turbine.get(\"Rotordurch,N,11,2\").replace(',', '.'));\r\n        return { hub, rotor };\r\n    });\r\n    const filteredResultAboveZero: any[] = result.filter((tupleValue) => {\r\n        return tupleValue['hub'] && tupleValue['rotor'] > 0;\r\n    });\r\n\r\n    response.send(filteredResultAboveZero);\r\n}"]},"_coverageSchema":"1a1c01bbd47fc00a2c39e90264f33305004495a9","hash":"34ef1e99eb9eef17226893e16af9d9e9252b2308","contentHash":"d68c2433780975805344bd18b4e7f5c8fe04a74fe687185cadb815896f34c15d"},"E:\\HTW\\project_software\\windpark\\backend
[...]
ne":48,"column":91}},"39":{"start":{"line":48,"column":63},"end":{"line":48,"column":87}},"40":{"start":{"line":49,"column":28},"end":{"line":49,"column":61}},"41":{"start":{"line":50,"column":12},"end":{"line":50,"column":50}},"42":{"start":{"line":51,"column":12},"end":{"line":53,"column":15}},"43":{"start":{"line":52,"column":16},"end":{"line":52,"column":55}},"44":{"start":{"line":55,"column":8},"end":{"line":55,"column":30}},"45":{"start":{"line":58,"column":0},"end":{"line":58,"column":58}}},"fnMap":{"0":{"name":"(anonymous_0)","decl":{"start":{"line":2,"column":44},"end":{"line":2,"column":45}},"loc":{"start":{"line":2,"column":89},"end":{"line":10,"column":1}},"line":2},"1":{"name":"adopt","decl":{"start":{"line":3,"column":13},"end":{"line":3,"column":18}},"loc":{"start":{"line":3,"column":26},"end":{"line":3,"column":112}},"line":3},"2":{"name":"(anonymous_2)","decl":{"start":{"line":3,"column":70},"end":{"line":3,"column":71}},"loc":{"start":{"line":3,"column":89},"end":{"line":3,"column":108}},"line":3},"3":{"name":"(anonymous_3)","decl":{"start":{"line":4,"column":36},"end":{"line":4,"column":37}},"loc":{"start":{"line":4,"column":63},"end":{"line":9,"column":5}},"line":4},"4":{"name":"fulfilled","decl":{"start":{"line":5,"column":17},"end":{"line":5,"column":26}},"loc":{"start":{"line":5,"column":34},"end":{"line":5,"column":99}},"line":5},"5":{"name":"rejected","decl":{"start":{"line":6,"column":17},"end":{"line":6,"column":25}},"loc":{"start":{"line":6,"column":33},"end":{"line":6,"column":102}},"line":6},"6":{"name":"step","decl":{"start":{"line":7,"column":17},"end":{"line":7,"column":21}},"loc":{"start":{"line":7,"column":30},"end":{"line":7,"column":118}},"line":7},"7":{"name":"getAverageBuiltDuration","decl":{"start":{"line":20,"column":9},"end":{"line":20,"column":32}},"loc":{"start":{"line":20,"column":52},"end":{"line":57,"column":1}},"line":20},"8":{"name":"(anonymous_8)","decl":{"start":{"line":21,"column":43},"end":{"line":21,"column":44}},"loc":{"start":{"line":21,"column":56},"end":{"line":56,"column":5}},"line":21},"9":{"name":"(anonymous_9)","decl":{"start":{"line":27,"column":20},"end":{"line":27,"column":21}},"loc":{"start":{"line":27,"column":31},"end":{"line":31,"column":9}},"line":27},"10":{"name":"(anonymous_10)","decl":{"start":{"line":33,"column":17},"end":{"line":33,"column":18}},"loc":{"start":{"line":33,"column":28},"end":{"line":39,"column":9}},"line":33},"11":{"name":"(anonymous_11)","decl":{"start":{"line":40,"column":20},"end":{"line":40,"column":21}},"loc":{"start":{"line":40,"column":32},"end":{"line":40,"column":55}},"line":40},"12":{"name":"(anonymous_12)","decl":{"start":{"line":45,"column":51},"end":{"line":45,"column":52}},"loc":{"start":{"line":45,"column":63},"end":{"line":47,"column":13}},"line":45},"13":{"name":"(anonymous_13)","decl":{"start":{"line":48,"column":45},"end":{"line":48,"column":46}},"loc":{"start":{"line":48,"column":63},"end":{"line":48,"column":87}},"line":48},"14":{"name":"(anonymous_14)","decl":{"start":{"line":51,"column":41},"end":{"line":51,"column":42}},"loc":{"start":{"line":51,"column":49},"end":{"line":53,"column":13}},"line":51}},"branchMap":{"0":{"loc":{"start":{"line":2,"column":16},"end":{"line":10,"column":1}},"type":"binary-expr","locations":[{"start":{"line":2,"column":17},"end":{"line":2,"column":21}},{"start":{"line":2,"column":25},"end":{"line":2,"column":39}},{"start":{"line":2,"column":44},"end":{"line":10,"column":1}}],"line":2},"1":{"loc":{"start":{"line":3,"column":35},"end":{"line":3,"column":109}},"type":"cond-expr","locations":[{"start":{"line":3,"column":56},"end":{"line":3,"column":61}},{"start":{"line":3,"column":64},"end":{"line":3,"column":109}}],"line":3},"2":{"loc":{"start":{"line":4,"column":16},"end":{"line":4,"column":34}},"type":"binary-expr","locations":[{"start":{"line":4,"column":16},"end":{"line":4,"column":17}},{"start":{"line":4,"column":22},"end":{"line":4,"column":33}}],"line":4},"3":{"loc":{"start":{"line":7,"column":32},"end":{"line":7,"column":115}},"type":"cond-expr","locations":[{"start":{"line":7,"column":46},"end":{"line":7,"column":67}},{"start":{"line":7,"column":70},"end":{"line":7,"column":115}}],"line":7},"4":{"loc":{"start":{"line":8,"column":51},"end":{"line":8,"column":67}},"type":"binary-expr","locations":[{"start":{"line":8,"column":51},"end":{"line":8,"column":61}},{"start":{"line":8,"column":65},"end":{"line":8,"column":67}}],"line":8},"5":{"loc":{"start":{"line":24,"column":23},"end":{"line":24,"column":49}},"type":"binary-expr","locations":[{"start":{"line":24,"column":23},"end":{"line":24,"column":43}},{"start":{"line":24,"column":47},"end":{"line":24,"column":49}}],"line":24},"6":{"loc":{"start":{"line":30,"column":19},"end":{"line":30,"column":57}},"type":"binary-expr","locations":[{"start":{"line":30,"column":19},"end":{"line":30,"column":35}},{"start":{"line":30,"column":39},"end":{"line":30,"column":57}}],"line":30},"7":{"loc":{"start":{"line":49,"column":28},"end":{"line":49,"column":61}},"type":"binary-expr","locations":[{"start":{"line":49,"column":29},"end":{"line":49,"column":55}},{"start":{"line":49,"column":60},"end":{"line":49,"column":61}}],"line":49}},"s":{"0":1,"1":3,"2":0,"3":3,"4":3,"5":3,"6":0,"7":0,"8":0,"9":0,"10":6,"11":3,"12":1,"13":1,"14":1,"15":3,"16":3,"17":3,"18":3,"19":3,"20":3,"21":14028,"22":14028,"23":14028,"24":3,"25":2250,"26":2250,"27":2250,"28":2250,"29":2250,"30":2250,"31":3,"32":3,"33":3,"34":3,"35":30,"36":30,"37":13210,"38":30,"39":2230,"40":30,"41":30,"42":30,"43":13210,"44":3,"45":1},"f":{"0":3,"1":3,"2":0,"3":3,"4":3,"5":0,"6":6,"7":3,"8":3,"9":14028,"10":2250,"11":2250,"12":13210,"13":2230,"14":13210},"b":{"0":[1,1,1],"1":[3,0],"2":[3,3],"3":[3,3],"4":[3,3],"5":[3,2],"6":[14028,2874],"7":[30,10]},"inputSourceMap":{"version":3,"file":"E:\\HTW\\project_software\\windpark\\backend\\api\\average-built-duration.ts","sources":["E:\\HTW\\project_software\\windpark\\backend\\api\\average-built-duration.ts"],"names":[],"mappings":";;;;;;;;;;;;AACA,sCAA4D;AAE5D;;;;;GAKG;AACH,SAAsB,uBAAuB,CAAC,OAAY,EAAE,QAAa;;QACrE,MAAM,IAAI,GAAS,IAAI,IAAI,CAAC,OAAO,CAAC,KAAK,CAAC,IAAI,CAAC,CAAC;QAChD,MAAM,KAAK,GAAS,IAAI,IAAI,CAAC,OAAO,CAAC,KAAK,CAAC,KAAK,CAAC,CAAC;QAClD,MAAM,MAAM,GAAW,OAAO,CAAC,KAAK,CAAC,MAAM,IAAI,EAAE,CAAC;QAGlD,MAAM,OAAO,GAAG,MAAM,yBAAgB,EAAE,CAAC;QACzC,MAAM,sBAAsB,GAAwB,OAAO;aACtD,MAAM,CAAC,OAAO,CAAC,EAAE;YACd,MAAM,QAAQ,GAAG,sBAAa,CAAC,OAAO,CAAC,GAAG,CAAC,aAAa,CAAC,CAAC,CAAC;YAC3D,MAAM,SAAS,GAAG,sBAAa,CAAC,OAAO,CAAC,GAAG,CAAC,cAAc,CAAC,CAAC,CAAC;YAE7D,OAAO,IAAI,IAAI,QAAQ,IAAI,SAAS,IAAI,KAAK,CAAC;QAClD,CAAC,CAAC,CAAC;QAGP,IAAI,SAAS,GAAU,sBAAsB;aACxC,GAAG,CAAC,OAAO,CAAC,EAAE;YACX,MAAM,QAAQ,GAAS,sBAAa,CAAC,OAAO,CAAC,GAAG,CAAC,aAAa,CAAC,CAAC,CAAC;YACjE,MAAM,SAAS,GAAS,sBAAa,CAAC,OAAO,CAAC,GAAG,CAAC,cAAc,CAAC,CAAC,CAAC;YACnE,MAAM,IAAI,GAAW,SAAS,CAAC,OAAO,EAAE,GAAG,QAAQ,CAAC,OAAO,EAAE,CAAC;YAC9D,MAAM,UAAU,GAAW,IAAI,CAAC,IAAI,CAAC,IAAI,GAAG,CAAC,IAAI,GAAG,IAAI,GAAG,EAAE,CAAC,CAAC,CAAC;YAChE,OAAO,EAAE,QAAQ,EAAE,SAAS,EAAE,UAAU,EAAE,CAAC;QAC/C,CAAC,CAAC;aACD,MAAM,CAAC,QAAQ,CAAC,EAAE,CAAC,QAAQ,CAAC,UAAU,GAAG,CAAC,CAAC,CAAC;QAGjD,MAAM,cAAc,GAAW,CAAC,KAAK,CAAC,OAAO,EAAE,GAAG,IAAI,CAAC,OAAO,EAAE,CAAC,GAAG,MAAM,CAAC;QAC3E,MAAM,MAAM,GAAU,EAAE,CAAC;QACzB,KAAK,IAAI,KAAK,GAAG,CAAC,EAAE,KAAK,IAAI,MAAM,EAAE,KAAK,EAAE,EAAE;YAC1C,MAAM,WAAW,GAAS,IAAI,IAAI,CAAC,IAAI,CAAC,OAAO,EAAE,GAAG,cAAc,GAAG,KAAK,CAAC,CAAC;YAE5E,MAAM,aAAa,GAAU,SAAS,CAAC,MAAM,CAAC,QAAQ,CAAC,EAAE;gBAErD,OAAO,WAAW,CAAC,OAAO,EAAE,IAAI,QAAQ,CAAC,SAAS,CAAC,OAAO,EAAE,CAAC;YACjE,CAAC,CAAC,CAAC;YAEH,MAAM,GAAG,GAAW,aAAa,CAAC,MAAM,CAAC,CAAC,GAAG,EAAE,OAAO,EAAE,EAAE,CAAC,GAAG,GAAG,OAAO,CAAC,UAAU,EAAE,CAAC,CAAC,CAAC;YACxF,MAAM,OAAO,GAAW,CAAC,GAAG,GAAG,aAAa,CAAC,MAAM,CAAC,IAAI,CAAC,CAAC;YAE1D,MAAM,CAAC,IAAI,CAAC,EAAE,WAAW,EAAE,OAAO,EAAE,CAAC,CAAC;YACtC,SAAS,GAAG,SAAS,CAAC,MAAM,CAAC,IAAI,CAAC,EAAE;gBAChC,OAAO,CAAC,CAAC,aAAa,CAAC,QAAQ,CAAC,IAAI,CAAC,CAAC,CAAC;YAC3C,CAAC,CAAC,CAAA;SACL;QAED,QAAQ,CAAC,IAAI,CAAC,MAAM,CAAC,CAAC;IAC1B,CAAC;CAAA;AA/CD,0DA+CC","sourcesContent":["import mongoose from 'mongoose';\r\nimport { convertToDate, findAllDocuments } from \"../helper\";\r\n\r\n/**\r\n *  @brief API to return the average construction time of the wind turbines\r\n *  @returns void\r\n *  @param request  request from frontend with from and until Date, moreover witch amount of X-Axis values\r\n *  @param response to frontend a JSON with the average built duration\r\n */\r\nexport async function getAverageBuiltDuration(request: any, response: any): Promise<void> {\r\n    const from: Date = new Date(request.query.from);\r\n    const until: Date = new Date(request.query.until);\r\n    const amount: number = request.query.amount || 10;\r\n\r\n\r\n    const allDocs = await findAllDocuments();\r\n    const filteredByTimeInterval: mongoose.Document[] = allDocs\r\n        .filter(turbine => {\r\n            const approved = convertToDate(turbine.get(\"Genehmigt,D\"));\r\n            const activated = convertToDate(turbine.get(\"Inbetriebn,D\"));\r\n\r\n            return from <= approved && activated <= until;\r\n        });\r\n\r\n\r\n    let timeSpans: any[] = filteredByTimeInterval\r\n        .map(turbine => {\r\n            const approved: Date = convertToDate(turbine.get(\"Genehmigt,D\"));\r\n            const activated: Date = convertToDate(turbine.get(\"Inbetriebn,D\"));\r\n            const diff: number = activated.getTime() - approved.getTime();\r\n            const diffInDays: number = Math.ceil(diff / (1000 * 3600 * 24));\r\n            return { approved, activated, diffInDays };\r\n        })\r\n        .filter(timeSpan => timeSpan.diffInDays > 0);\r\n\r\n\r\n    const bucketDuration: number = (until.getTime() - from.getTime()) / amount;\r\n    const result: any[] = [];\r\n    for (let index = 1; index <= amount; index++) {\r\n        const currentDate: Date = new Date(from.getTime() + bucketDuration * index);\r\n\r\n        const filteredSpans: any[] = timeSpans.filter(timeSpan => {\r\n\r\n            return currentDate.getTime() >= timeSpan.activated.getTime();\r\n        });\r\n\r\n        const sum: number = filteredSpans.reduce((sum, current) => sum + current.diffInDays, 0);\r\n        const average: number = (sum / filteredSpans.length) || 0;\r\n\r\n        result.push({ currentDate, average });\r\n        timeSpans = timeSpans.filter(span => {\r\n            return !(filteredSpans.includes(span));\r\n        })\r\n    }\r\n\r\n    response.send(result);\r\n}\r\n"]},"_coverageSchema":"1a1c01bbd47fc00a2c39e90264f33305004495a9","hash":"60c2bcab0d89327b9810a1d8e988ac65b5572922","contentHash":"b003c15a2854e8c06ced9daedccbc2896fe71d4ccc07e7f614517e147c9e25a4"},"E:\\HTW\\project_software\\windpark\\backend\\api\\approved-built-difference.ts":{"path":"E:\\HTW\\project_software\\windpark\\backend\\api\\approved-built-difference.ts","statementMap":{"0":{"start":{"line":2,"column":16},"end":{"line":10,"column":1}},"1":{"start":{"line":3,"column":28},"end":{"line":3,"column":110}},"2":{"start":{"line":3,"column":91},"end":{"line":3,"column":106}},"3":{"start":{"line":4,"column":4},"end":{"line":9,"column":7}},"4":{"start":{"line":5,"column":36},"end":{"line":5,"column":97}},"5":{"start":{"line":5,"column":42},"end":{"line":5,"column":70}},"6":{"start":{"line":5,"column":85},"end":{"line":5,"column":95}},"7":{"start":{"line":6,"column":35},"end":{"line":6,"column":100}},"8":{"start":{"line":6,"column":41},"end":{"line":6,"column":73}},"9":{"start":{"line":6,"column":88},"end":{"line":6,"column":98}},"10":{"start":{"line":7,"column":32},"end":{"line":7,"column":116}},"11":{"start":{"line":8,"column":8},"end":{"line":8,"column":78}},"12":{"start":{"line":11,"column":0},"end":{"line":11,"column":62}},"13":{"start":{"line":12,"column":0},"end":{"line":12,"column":44}},"14":{"start":{"line":13,"column":17},"end":{"line":13,"column":37}},"15":{"start":{"line":14,"column":17},"end":{"line":14,"column":37}},"16":{"start":{"line":22,"column":4},"end":{"line":41,"column":7}},"17":{"start":{"line":23,"column":21},"end":{"line":23,"column":49}},"18":{"start":{"line":24,"column":22},"end":{"line":24,"column":51}},"19":{"start":{"line":25,"column":24},"end":{"line":25,"column":57}},"20":{"start":{"line":26,"column":39},"end":{"line":31,"column":10}},"21":{"start":{"line":28,"column":29},"end":{"line":28,"column":79}},"22":{"start":{"line":29,"column":30},"end":{"line":29,"column":81}},"23":{"start":{"line":30,"column":12},"end":{"line":30,"column":58}},"24":{"start":{"line":32,"column":27},"end":{"line":39,"column":37}},"25":{"start":{"line":34,"column":29},"end":{"line":34,"column":79}},"26":{"start":{"line":35,"column":30},"end":{"line":35,"column":81}},"27":{"start":{"line":36,"column":25},"end":{"line":36,"column":65}},"28":{"start":{"line":37,"column":12},"end":{"line":37,"column":56}},"29":{"start":{"line":39,"column":28},"end":{"line":39,"column":36}},"30":{"start":{"line":40,"column":8},"end":{"line":40,"column":34}},"31":{"start":{"line":43,"column":0},"end":{"line":43,"column":64}}},"fnMap":{"0":{"name":"(anonymous_0)","decl":{"start":{"line":2,"column":44},"end":{"line":2,"column":45}},"loc":{"start":{"line":2,"column":89},"end":{"line":10,"column":1}},"line":2},"1":{"name":"adopt","decl":{"start":{"line":3,"column":13},"end":{"line":3,"column":18}},"loc":{"start":{"line":3,"column":26},"end":{"line":3,"column":112}},"line":3},"2":{"name":"(anonymous_2)","decl":{"start":{"line":3,"column":70},"end":{"line":3,"column":71}},"loc":{"start":{"line":3,"column":89},"end":{"line":3,"column":108}},"line":3},"3":{"name":"(anonymous_3)","decl":{"start":{"line":4,"column":36},"end":{"line":4,"column":37}},"loc":{"start":{"line":4,"column":63},"end":{"line":9,"column":5}},"line":4},"4":{"name":"fulfilled","decl":{"start":{"line":5,"column":17},"end":{"line":5,"column":26}},"loc":{"start":{"line":5,"column":34},"end":{"line":5,"column":99}},"line":5},"5":{"name":"rejected","decl":{"start":{"line":6,"column":17},"end":{"line":6,"column":25}},"loc":{"start":{"line":6,"column":33},"end":{"line":6,"column":102}},"line":6},"6":{"name":"step","decl":{"start":{"line":7,"column":17},"end":{"line":7,"column":21}},"loc":{"start":{"line":7,"column":30},"end":{"line":7,"column":118}},"line":7},"7":{"name":"getApprovedBuiltDifference","decl":{"start":{"line":21,"column":9},"end":{"line":21,"column":35}},"loc":{"start":{"line":21,"column":55},"end":{"line":42,"column":1}},"line":21},"8":{"name":"(anonymous_8)","decl":{"start":{"line":22,"column":43},"end":{"line":22,"column":44}},"loc":{"start":{"line":22,"column":56},"end":{"line":41,"column":5}},"line":22},"9":{"name":"(anonymous_9)","decl":{"start":{"line":27,"column":20},"end":{"line":27,"column":21}},"loc":{"start":{"line":27,"column":31},"end":{"line":31,"column":9}},"line":27},"10":{"name":"(anonymous_10)","decl":{"start":{"line":33,"column":17},"end":{"line":33,"column":18}},"loc":{"start":{"line":33,"column":28},"end":{"line":38,"column":9}},"line":33},"11":{"name":"(anonymous_11)","decl":{"start":{"line":39,"column":20},"end":{"line":39,"column":21}},"loc":{"start":{"line":39,"column":28},"end":{"line":39,"column":36}},"line":39}},"branchMap":{"0":{"loc":{"start":{"line":2,"column":16},"end":{"line":10,"column":1}},"type":"binary-expr","locations":[{"start":{"line":2,"column":17},"end":{"line":2,"column":21}},{"start":{"line":2,"column":25},"end":{"line":2,"column":39}},{"start":{"line":2,"column":44},"end":{"line":10,"column":1}}],"line":2},"1":{"loc":{"start":{"line":3,"column":35},"end":{"line":3,"column":109}},"type":"cond-expr","locations":[{"start":{"line":3,"column":56},"end":{"line":3,"column":61}},{"start":{"line":3,"column":64},"end":{"line":3,"column":109}}],"line":3},"2":{"loc":{"start":{"line":4,"column":16},"end":{"line":4,"column":34}},"type":"binary-expr","locations":[{"start":{"line":4,"column":16},"end":{"line":4,"column":17}},{"start":{"line":4,"column":22},"end":{"line":4,"column":33}}],"line":4},"3":{"loc":{"start":{"line":7,"column":32},"end":{"line":7,"column":115}},"type":"cond-expr","locations":[{"start":{"line":7,"column":46},"end":{"line":7,"column":67}},{"start":{"line":7,"column":70},"end":{"line":7,"column":115}}],"line":7},"4":{"loc":{"start":{"line":8,"column":51},"end":{"line":8,"column":67}},"type":"binary-expr","locations":[{"start":{"line":8,"column":51},"end":{"line":8,"column":61}},{"start":{"line":8,"column":65},"end":{"line":8,"column":67}}],"line":8},"5":{"loc":{"start":{"line":30,"column":19},"end":{"line":30,"column":57}},"type":"binary-expr","locations":[{"start":{"line":30,"column":19},"end":{"line":30,"column":35}},{"start":{"line":30,"column":39},"end":{"line":30,"column":57}}],"line":30}},"s":{"0":1,"1":1,"2":0,"3":1,"4":1,"5":1,"6":0,"7":0,"8":0,"9":0,"10":2,"11":1,"12":1,"13":1,"14":1,"15":1,"16":1,"17":1,"18":1,"19":1,"20":1,"21":4676,"22":4676,"23":4676,"24":1,"25":1125,"26":1125,"27":1125,"28":1125,"29":1125,"30":1,"31":1},"f":{"0":1,"1":1,"2":0,"3":1,"4":1,"5":0,"6":2,"7":1,"8":1,"9":4676,"10":1125,"11":1125},"b":{"0":[1,1,1],"1":[1,0],"2":[1,1],"3":[1,1],"4":[1,1],"5":[4676,1415]},"inputSourceMap":{"version":3,"file":"E:\\HTW\\project_software\\windpark\\backend\\api\\approved-built-difference.ts","sources":["E:\\HTW\\project_software\\windpark\\backend\\api\\approved-built-difference.ts"],"names":[],"mappings":";;;;;;;;;;;;AACA,sCAA0C;AAC1C,sCAA6C;AAE7C;;;;;GAKG;AACH,SAAsB,0BAA0B,CAAC,OAAY,EAAE,QAAa;;QACxE,MAAM,IAAI,GAAS,IAAI,IAAI,CAAC,OAAO,CAAC,KAAK,CAAC,IAAI,CAAC,CAAC;QAChD,MAAM,KAAK,GAAS,IAAI,IAAI,CAAC,OAAO,CAAC,KAAK,CAAC,KAAK,CAAC,CAAC;QAClD,MAAM,OAAO,GAAG,MAAM,yBAAgB,EAAE,CAAC;QAEzC,MAAM,sBAAsB,GAAwB,OAAO;aACtD,MAAM,CAAC,OAAO,CAAC,EAAE;YACd,MAAM,QAAQ,GAAG,sBAAa,CAAC,OAAO,CAAC,GAAG,CAAC,aAAa,CAAC,CAAC,CAAC;YAC3D,MAAM,SAAS,GAAG,sBAAa,CAAC,OAAO,CAAC,GAAG,CAAC,cAAc,CAAC,CAAC,CAAC;YAE7D,OAAO,IAAI,IAAI,QAAQ,IAAI,SAAS,IAAI,KAAK,CAAC;QAClD,CAAC,CAAC,CAAC;QAEP,MAAM,UAAU,GAAa,sBAAsB;aAC9C,GAAG,CAAC,OAAO,CAAC,EAAE;YACX,MAAM,QAAQ,GAAS,sBAAa,CAAC,OAAO,CAAC,GAAG,CAAC,aAAa,CAAC,CAAC,CAAC;YACjE,MAAM,SAAS,GAAS,sBAAa,CAAC,OAAO,CAAC,GAAG,CAAC,cAAc,CAAC,CAAC,CAAC;YACnE,MAAM,IAAI,GAAW,SAAS,CAAC,OAAO,EAAE,GAAG,QAAQ,CAAC,OAAO,EAAE,CAAC;YAC9D,OAAO,IAAI,CAAC,IAAI,CAAC,IAAI,GAAG,CAAC,IAAI,GAAG,IAAI,GAAG,EAAE,CAAC,CAAC,CAAC;QAChD,CAAC,CAAC;aACD,MAAM,CAAC,IAAI,CAAC,EAAE,CAAC,IAAI,GAAG,CAAC,CAAC,CAAC;QAE9B,QAAQ,CAAC,IAAI,CAAC,UAAU,CAAC,CAAC;IAC9B,CAAC;CAAA;AAvBD,gEAuBC","sourcesContent":["import mongoose from 'mongoose';\r\nimport { convertToDate } from \"../helper\";\r\nimport { findAllDocuments } from '../helper';\r\n\r\n/**\r\n *  @brief API to return build time\r\n *  @returns void\r\n *  @param request  request from frontend\r\n *  @param response returns a NUMBER to frontend \r\n */\r\nexport async function getApprovedBuiltDifference(request: any, response: any): Promise<void> {\r\n    const from: Date = new Date(request.query.from);\r\n    const until: Date = new Date(request.query.until);\r\n    const allDocs = await findAllDocuments();\r\n\r\n    const filteredByTimeInterval: mongoose.Document[] = allDocs\r\n        .filter(turbine => {\r\n            const approved = convertToDate(turbine.get(\"Genehmigt,D\"));\r\n            const activated = convertToDate(turbine.get(\"Inbetriebn,D\"));\r\n\r\n            return from <= approved && activated <= until;\r\n        });\r\n\r\n    const diffInDays: number[] = filteredByTimeInterval\r\n        .map(turbine => {\r\n            const approved: Date = convertToDate(turbine.get(\"Genehmigt,D\"));\r\n            const activated: Date = convertToDate(turbine.get(\"Inbetriebn,D\"));\r\n            const diff: number = activated.getTime() - approved.getTime();\r\n            return Math.ceil(diff / (1000 * 3600 * 24));\r\n        })\r\n        .filter(diff => diff > 0);\r\n\r\n    response.send(diffInDays);\r\n}"]},"_coverageSchema":"1a1c01bbd47fc00a2c39e90264f33305004495a9","hash":"5b8bdeebb2768530fdd6c0a4792c40bd2417ecf9","contentHash":"19a3ecb595f4267e8d99678eacae5465f0bb246eabb5ea71053df5163f58b2f3"}}